[2018-07-31 19:35:19.499] [exthost1] [info] extension host started
[2018-07-31 19:35:19.537] [exthost1] [info] ExtensionService#_doActivateExtension vscode.emmet {"startup":true,"activationEvent":"*"}
[2018-07-31 19:35:19.538] [exthost1] [info] ExtensionService#loadCommonJSModule /usr/share/code/resources/app/extensions/emmet/out/extension
[2018-07-31 19:35:19.649] [exthost1] [info] ExtensionService#_doActivateExtension vscode.git {"startup":true,"activationEvent":"*"}
[2018-07-31 19:35:19.649] [exthost1] [info] ExtensionService#loadCommonJSModule /usr/share/code/resources/app/extensions/git/out/main
[2018-07-31 19:35:19.924] [exthost1] [info] ExtensionService#_doActivateExtension vscode.merge-conflict {"startup":true,"activationEvent":"*"}
[2018-07-31 19:35:19.924] [exthost1] [info] ExtensionService#loadCommonJSModule /usr/share/code/resources/app/extensions/merge-conflict/out/extension
[2018-07-31 19:35:19.947] [exthost1] [info] ExtensionService#_doActivateExtension vscode.search-rg {"startup":true,"activationEvent":"*"}
[2018-07-31 19:35:19.947] [exthost1] [info] ExtensionService#loadCommonJSModule /usr/share/code/resources/app/extensions/search-rg/out/extension
[2018-07-31 19:35:19.962] [exthost1] [info] ExtensionService#_doActivateExtension christian-kohler.path-intellisense {"startup":true,"activationEvent":"*"}
[2018-07-31 19:35:19.962] [exthost1] [info] ExtensionService#loadCommonJSModule /home/nemesis1346/.vscode/extensions/christian-kohler.path-intellisense-1.4.2/out/src/extension
[2018-07-31 19:35:19.988] [exthost1] [info] ExtensionService#_doActivateExtension dbaeumer.vscode-eslint {"startup":true,"activationEvent":"*"}
[2018-07-31 19:35:19.988] [exthost1] [info] ExtensionService#loadCommonJSModule /home/nemesis1346/.vscode/extensions/dbaeumer.vscode-eslint-1.4.12/client/out/extension
[2018-07-31 19:35:20.070] [exthost1] [info] ExtensionService#_doActivateExtension kisstkondoros.vscode-codemetrics {"startup":true,"activationEvent":"*"}
[2018-07-31 19:35:20.070] [exthost1] [info] ExtensionService#loadCommonJSModule /home/nemesis1346/.vscode/extensions/kisstkondoros.vscode-codemetrics-1.17.1/out/src/extension
[2018-07-31 19:35:20.733] [exthost1] [info] ExtensionService#_doActivateExtension ms-vsliveshare.vsliveshare {"startup":true,"activationEvent":"*"}
[2018-07-31 19:35:20.733] [exthost1] [info] ExtensionService#loadCommonJSModule /home/nemesis1346/.vscode/extensions/ms-vsliveshare.vsliveshare-0.3.504/out/src/extension
[2018-07-31 19:35:22.383] [exthost1] [info] ExtensionService#_doActivateExtension Shan.code-settings-sync {"startup":true,"activationEvent":"*"}
[2018-07-31 19:35:22.383] [exthost1] [info] ExtensionService#loadCommonJSModule /home/nemesis1346/.vscode/extensions/shan.code-settings-sync-3.0.0/out/src/extension
[2018-07-31 19:35:22.866] [exthost1] [info] ExtensionService#_doActivateExtension wayou.vscode-todo-highlight {"startup":true,"activationEvent":"*"}
[2018-07-31 19:35:22.866] [exthost1] [info] ExtensionService#loadCommonJSModule /home/nemesis1346/.vscode/extensions/wayou.vscode-todo-highlight-1.0.4/src/extension
[2018-07-31 19:35:22.870] [exthost1] [info] eager extensions activated
[2018-07-31 19:35:23.065] [exthost1] [info] ExtensionService#_doActivateExtension ms-vsliveshare.vsliveshare-audio {"startup":true,"activationEvent":"*"}
[2018-07-31 19:35:23.065] [exthost1] [info] ExtensionService#loadCommonJSModule /home/nemesis1346/.vscode/extensions/ms-vsliveshare.vsliveshare-audio-0.1.28/out/extension
[2018-07-31 19:35:31.745] [exthost1] [info] extension host started
[2018-07-31 19:35:31.787] [exthost1] [info] ExtensionService#_doActivateExtension vscode.emmet {"startup":true,"activationEvent":"*"}
[2018-07-31 19:35:31.787] [exthost1] [info] ExtensionService#loadCommonJSModule /usr/share/code/resources/app/extensions/emmet/out/extension
[2018-07-31 19:35:32.044] [exthost1] [info] ExtensionService#_doActivateExtension vscode.git {"startup":true,"activationEvent":"*"}
[2018-07-31 19:35:32.044] [exthost1] [info] ExtensionService#loadCommonJSModule /usr/share/code/resources/app/extensions/git/out/main
[2018-07-31 19:35:32.497] [exthost1] [info] ExtensionService#_doActivateExtension vscode.merge-conflict {"startup":true,"activationEvent":"*"}
[2018-07-31 19:35:32.497] [exthost1] [info] ExtensionService#loadCommonJSModule /usr/share/code/resources/app/extensions/merge-conflict/out/extension
[2018-07-31 19:35:32.516] [exthost1] [info] ExtensionService#_doActivateExtension vscode.search-rg {"startup":true,"activationEvent":"*"}
[2018-07-31 19:35:32.516] [exthost1] [info] ExtensionService#loadCommonJSModule /usr/share/code/resources/app/extensions/search-rg/out/extension
[2018-07-31 19:35:32.525] [exthost1] [info] ExtensionService#_doActivateExtension christian-kohler.path-intellisense {"startup":true,"activationEvent":"*"}
[2018-07-31 19:35:32.525] [exthost1] [info] ExtensionService#loadCommonJSModule /home/nemesis1346/.vscode/extensions/christian-kohler.path-intellisense-1.4.2/out/src/extension
[2018-07-31 19:35:32.543] [exthost1] [info] ExtensionService#_doActivateExtension dbaeumer.vscode-eslint {"startup":true,"activationEvent":"*"}
[2018-07-31 19:35:32.543] [exthost1] [info] ExtensionService#loadCommonJSModule /home/nemesis1346/.vscode/extensions/dbaeumer.vscode-eslint-1.4.12/client/out/extension
[2018-07-31 19:35:32.622] [exthost1] [info] ExtensionService#_doActivateExtension kisstkondoros.vscode-codemetrics {"startup":true,"activationEvent":"*"}
[2018-07-31 19:35:32.622] [exthost1] [info] ExtensionService#loadCommonJSModule /home/nemesis1346/.vscode/extensions/kisstkondoros.vscode-codemetrics-1.17.1/out/src/extension
[2018-07-31 19:35:33.031] [exthost1] [info] ExtensionService#_doActivateExtension ms-vsliveshare.vsliveshare {"startup":true,"activationEvent":"*"}
[2018-07-31 19:35:33.031] [exthost1] [info] ExtensionService#loadCommonJSModule /home/nemesis1346/.vscode/extensions/ms-vsliveshare.vsliveshare-0.3.504/out/src/extension
[2018-07-31 19:35:33.839] [exthost1] [info] ExtensionService#_doActivateExtension Shan.code-settings-sync {"startup":true,"activationEvent":"*"}
[2018-07-31 19:35:33.839] [exthost1] [info] ExtensionService#loadCommonJSModule /home/nemesis1346/.vscode/extensions/shan.code-settings-sync-3.0.0/out/src/extension
[2018-07-31 19:35:34.244] [exthost1] [info] ExtensionService#_doActivateExtension wayou.vscode-todo-highlight {"startup":true,"activationEvent":"*"}
[2018-07-31 19:35:34.244] [exthost1] [info] ExtensionService#loadCommonJSModule /home/nemesis1346/.vscode/extensions/wayou.vscode-todo-highlight-1.0.4/src/extension
[2018-07-31 19:35:34.265] [exthost1] [info] eager extensions activated
[2018-07-31 19:35:34.766] [exthost1] [info] ExtensionService#_doActivateExtension ms-vsliveshare.vsliveshare-audio {"startup":true,"activationEvent":"*"}
[2018-07-31 19:35:34.766] [exthost1] [info] ExtensionService#loadCommonJSModule /home/nemesis1346/.vscode/extensions/ms-vsliveshare.vsliveshare-audio-0.1.28/out/extension
[2018-07-31 19:35:57.349] [exthost1] [info] ExtensionService#_doActivateExtension vscode.configuration-editing {"startup":false,"activationEvent":"onLanguage:jsonc"}
[2018-07-31 19:35:57.349] [exthost1] [info] ExtensionService#loadCommonJSModule /usr/share/code/resources/app/extensions/configuration-editing/out/extension
[2018-07-31 19:35:57.399] [exthost1] [info] ExtensionService#_doActivateExtension vscode.json-language-features {"startup":false,"activationEvent":"onLanguage:jsonc"}
[2018-07-31 19:35:57.399] [exthost1] [info] ExtensionService#loadCommonJSModule /usr/share/code/resources/app/extensions/json-language-features/client/out/jsonMain
[2018-07-31 20:01:28.780] [exthost1] [info] ExtensionService#_doActivateExtension vscode.css-language-features {"startup":false,"activationEvent":"onLanguage:css"}
[2018-07-31 20:01:28.780] [exthost1] [info] ExtensionService#loadCommonJSModule /usr/share/code/resources/app/extensions/css-language-features/client/out/cssMain
[2018-07-31 20:01:29.526] [exthost1] [info] ExtensionService#_doActivateExtension vscode.typescript-language-features {"startup":false,"activationEvent":"onLanguage:javascriptreact"}
[2018-07-31 20:01:29.526] [exthost1] [info] ExtensionService#loadCommonJSModule /usr/share/code/resources/app/extensions/typescript-language-features/out/extension
[2018-07-31 20:01:29.833] [exthost1] [info] ExtensionService#_doActivateExtension christian-kohler.npm-intellisense {"startup":false,"activationEvent":"onLanguage:javascriptreact"}
[2018-07-31 20:01:29.833] [exthost1] [info] ExtensionService#loadCommonJSModule /home/nemesis1346/.vscode/extensions/christian-kohler.npm-intellisense-1.3.0/out/src/extension
[2018-07-31 20:01:29.854] [exthost1] [info] ExtensionService#_doActivateExtension wix.vscode-import-cost {"startup":false,"activationEvent":"onLanguage:javascriptreact"}
[2018-07-31 20:01:29.854] [exthost1] [info] ExtensionService#loadCommonJSModule /home/nemesis1346/.vscode/extensions/wix.vscode-import-cost-2.8.0/out/src/extension
[2018-07-31 20:02:05.714] [exthost1] [info] extension host started
[2018-07-31 20:02:05.753] [exthost1] [info] ExtensionService#_doActivateExtension vscode.emmet {"startup":true,"activationEvent":"*"}
[2018-07-31 20:02:05.753] [exthost1] [info] ExtensionService#loadCommonJSModule /usr/share/code/resources/app/extensions/emmet/out/extension
[2018-07-31 20:02:05.863] [exthost1] [info] ExtensionService#_doActivateExtension vscode.git {"startup":true,"activationEvent":"*"}
[2018-07-31 20:02:05.863] [exthost1] [info] ExtensionService#loadCommonJSModule /usr/share/code/resources/app/extensions/git/out/main
[2018-07-31 20:02:06.169] [exthost1] [info] ExtensionService#_doActivateExtension vscode.merge-conflict {"startup":true,"activationEvent":"*"}
[2018-07-31 20:02:06.169] [exthost1] [info] ExtensionService#loadCommonJSModule /usr/share/code/resources/app/extensions/merge-conflict/out/extension
[2018-07-31 20:02:06.190] [exthost1] [info] ExtensionService#_doActivateExtension vscode.search-rg {"startup":true,"activationEvent":"*"}
[2018-07-31 20:02:06.190] [exthost1] [info] ExtensionService#loadCommonJSModule /usr/share/code/resources/app/extensions/search-rg/out/extension
[2018-07-31 20:02:06.203] [exthost1] [info] ExtensionService#_doActivateExtension christian-kohler.path-intellisense {"startup":true,"activationEvent":"*"}
[2018-07-31 20:02:06.203] [exthost1] [info] ExtensionService#loadCommonJSModule /home/nemesis1346/.vscode/extensions/christian-kohler.path-intellisense-1.4.2/out/src/extension
[2018-07-31 20:02:06.223] [exthost1] [info] ExtensionService#_doActivateExtension dbaeumer.vscode-eslint {"startup":true,"activationEvent":"*"}
[2018-07-31 20:02:06.223] [exthost1] [info] ExtensionService#loadCommonJSModule /home/nemesis1346/.vscode/extensions/dbaeumer.vscode-eslint-1.4.12/client/out/extension
[2018-07-31 20:02:06.301] [exthost1] [info] ExtensionService#_doActivateExtension kisstkondoros.vscode-codemetrics {"startup":true,"activationEvent":"*"}
[2018-07-31 20:02:06.301] [exthost1] [info] ExtensionService#loadCommonJSModule /home/nemesis1346/.vscode/extensions/kisstkondoros.vscode-codemetrics-1.17.1/out/src/extension
[2018-07-31 20:02:06.786] [exthost1] [info] ExtensionService#_doActivateExtension ms-vsliveshare.vsliveshare {"startup":true,"activationEvent":"*"}
[2018-07-31 20:02:06.786] [exthost1] [info] ExtensionService#loadCommonJSModule /home/nemesis1346/.vscode/extensions/ms-vsliveshare.vsliveshare-0.3.504/out/src/extension
[2018-07-31 20:02:08.521] [exthost1] [info] ExtensionService#_doActivateExtension Shan.code-settings-sync {"startup":true,"activationEvent":"*"}
[2018-07-31 20:02:08.521] [exthost1] [info] ExtensionService#loadCommonJSModule /home/nemesis1346/.vscode/extensions/shan.code-settings-sync-3.0.0/out/src/extension
[2018-07-31 20:02:09.031] [exthost1] [info] ExtensionService#_doActivateExtension wayou.vscode-todo-highlight {"startup":true,"activationEvent":"*"}
[2018-07-31 20:02:09.031] [exthost1] [info] ExtensionService#loadCommonJSModule /home/nemesis1346/.vscode/extensions/wayou.vscode-todo-highlight-1.0.4/src/extension
[2018-07-31 20:02:09.052] [exthost1] [info] eager extensions activated
[2018-07-31 20:02:09.054] [exthost1] [info] ExtensionService#_doActivateExtension vscode.typescript-language-features {"startup":false,"activationEvent":"onLanguage:javascriptreact"}
[2018-07-31 20:02:09.054] [exthost1] [info] ExtensionService#loadCommonJSModule /usr/share/code/resources/app/extensions/typescript-language-features/out/extension
[2018-07-31 20:02:09.215] [exthost1] [info] ExtensionService#_doActivateExtension christian-kohler.npm-intellisense {"startup":false,"activationEvent":"onLanguage:javascriptreact"}
[2018-07-31 20:02:09.215] [exthost1] [info] ExtensionService#loadCommonJSModule /home/nemesis1346/.vscode/extensions/christian-kohler.npm-intellisense-1.3.0/out/src/extension
[2018-07-31 20:02:09.230] [exthost1] [info] ExtensionService#_doActivateExtension wix.vscode-import-cost {"startup":false,"activationEvent":"onLanguage:javascriptreact"}
[2018-07-31 20:02:09.230] [exthost1] [info] ExtensionService#loadCommonJSModule /home/nemesis1346/.vscode/extensions/wix.vscode-import-cost-2.8.0/out/src/extension
[2018-07-31 20:02:10.978] [exthost1] [info] ExtensionService#_doActivateExtension ms-vsliveshare.vsliveshare-audio {"startup":true,"activationEvent":"*"}
[2018-07-31 20:02:10.978] [exthost1] [info] ExtensionService#loadCommonJSModule /home/nemesis1346/.vscode/extensions/ms-vsliveshare.vsliveshare-audio-0.1.28/out/extension
[2018-07-31 20:02:24.804] [exthost1] [info] extension host started
[2018-07-31 20:02:24.849] [exthost1] [info] ExtensionService#_doActivateExtension vscode.emmet {"startup":true,"activationEvent":"*"}
[2018-07-31 20:02:24.850] [exthost1] [info] ExtensionService#loadCommonJSModule /usr/share/code/resources/app/extensions/emmet/out/extension
[2018-07-31 20:02:24.943] [exthost1] [info] ExtensionService#_doActivateExtension vscode.git {"startup":true,"activationEvent":"*"}
[2018-07-31 20:02:24.943] [exthost1] [info] ExtensionService#loadCommonJSModule /usr/share/code/resources/app/extensions/git/out/main
[2018-07-31 20:02:25.158] [exthost1] [info] ExtensionService#_doActivateExtension vscode.merge-conflict {"startup":true,"activationEvent":"*"}
[2018-07-31 20:02:25.158] [exthost1] [info] ExtensionService#loadCommonJSModule /usr/share/code/resources/app/extensions/merge-conflict/out/extension
[2018-07-31 20:02:25.172] [exthost1] [info] ExtensionService#_doActivateExtension vscode.search-rg {"startup":true,"activationEvent":"*"}
[2018-07-31 20:02:25.172] [exthost1] [info] ExtensionService#loadCommonJSModule /usr/share/code/resources/app/extensions/search-rg/out/extension
[2018-07-31 20:02:25.181] [exthost1] [info] ExtensionService#_doActivateExtension christian-kohler.path-intellisense {"startup":true,"activationEvent":"*"}
[2018-07-31 20:02:25.181] [exthost1] [info] ExtensionService#loadCommonJSModule /home/nemesis1346/.vscode/extensions/christian-kohler.path-intellisense-1.4.2/out/src/extension
[2018-07-31 20:02:25.198] [exthost1] [info] ExtensionService#_doActivateExtension dbaeumer.vscode-eslint {"startup":true,"activationEvent":"*"}
[2018-07-31 20:02:25.198] [exthost1] [info] ExtensionService#loadCommonJSModule /home/nemesis1346/.vscode/extensions/dbaeumer.vscode-eslint-1.4.12/client/out/extension
[2018-07-31 20:02:25.279] [exthost1] [info] ExtensionService#_doActivateExtension kisstkondoros.vscode-codemetrics {"startup":true,"activationEvent":"*"}
[2018-07-31 20:02:25.279] [exthost1] [info] ExtensionService#loadCommonJSModule /home/nemesis1346/.vscode/extensions/kisstkondoros.vscode-codemetrics-1.17.1/out/src/extension
[2018-07-31 20:02:25.752] [exthost1] [info] ExtensionService#_doActivateExtension ms-vsliveshare.vsliveshare {"startup":true,"activationEvent":"*"}
[2018-07-31 20:02:25.752] [exthost1] [info] ExtensionService#loadCommonJSModule /home/nemesis1346/.vscode/extensions/ms-vsliveshare.vsliveshare-0.3.504/out/src/extension
[2018-07-31 20:02:26.266] [exthost1] [info] ExtensionService#_doActivateExtension Shan.code-settings-sync {"startup":true,"activationEvent":"*"}
[2018-07-31 20:02:26.266] [exthost1] [info] ExtensionService#loadCommonJSModule /home/nemesis1346/.vscode/extensions/shan.code-settings-sync-3.0.0/out/src/extension
[2018-07-31 20:02:26.544] [exthost1] [info] ExtensionService#_doActivateExtension wayou.vscode-todo-highlight {"startup":true,"activationEvent":"*"}
[2018-07-31 20:02:26.544] [exthost1] [info] ExtensionService#loadCommonJSModule /home/nemesis1346/.vscode/extensions/wayou.vscode-todo-highlight-1.0.4/src/extension
[2018-07-31 20:02:26.569] [exthost1] [info] eager extensions activated
[2018-07-31 20:02:26.575] [exthost1] [info] ExtensionService#_doActivateExtension vscode.typescript-language-features {"startup":false,"activationEvent":"onLanguage:javascriptreact"}
[2018-07-31 20:02:26.575] [exthost1] [info] ExtensionService#loadCommonJSModule /usr/share/code/resources/app/extensions/typescript-language-features/out/extension
[2018-07-31 20:02:26.682] [exthost1] [info] ExtensionService#_doActivateExtension christian-kohler.npm-intellisense {"startup":false,"activationEvent":"onLanguage:javascriptreact"}
[2018-07-31 20:02:26.682] [exthost1] [info] ExtensionService#loadCommonJSModule /home/nemesis1346/.vscode/extensions/christian-kohler.npm-intellisense-1.3.0/out/src/extension
[2018-07-31 20:02:26.694] [exthost1] [info] ExtensionService#_doActivateExtension wix.vscode-import-cost {"startup":false,"activationEvent":"onLanguage:javascriptreact"}
[2018-07-31 20:02:26.694] [exthost1] [info] ExtensionService#loadCommonJSModule /home/nemesis1346/.vscode/extensions/wix.vscode-import-cost-2.8.0/out/src/extension
[2018-07-31 20:02:28.314] [exthost1] [info] ExtensionService#_doActivateExtension ms-vsliveshare.vsliveshare-audio {"startup":true,"activationEvent":"*"}
[2018-07-31 20:02:28.314] [exthost1] [info] ExtensionService#loadCommonJSModule /home/nemesis1346/.vscode/extensions/ms-vsliveshare.vsliveshare-audio-0.1.28/out/extension
[2018-07-31 20:05:09.958] [exthost1] [info] ExtensionService#_doActivateExtension vscode.extension-editing {"startup":false,"activationEvent":"onLanguage:typescript"}
[2018-07-31 20:05:09.958] [exthost1] [info] ExtensionService#loadCommonJSModule /usr/share/code/resources/app/extensions/extension-editing/out/extension
[2018-07-31 20:19:06.090] [exthost1] [info] ExtensionService#_doActivateExtension vscode.configuration-editing {"startup":false,"activationEvent":"onLanguage:json"}
[2018-07-31 20:19:06.090] [exthost1] [info] ExtensionService#loadCommonJSModule /usr/share/code/resources/app/extensions/configuration-editing/out/extension
[2018-07-31 20:19:06.334] [exthost1] [info] ExtensionService#_doActivateExtension vscode.json-language-features {"startup":false,"activationEvent":"onLanguage:json"}
[2018-07-31 20:19:06.334] [exthost1] [info] ExtensionService#loadCommonJSModule /usr/share/code/resources/app/extensions/json-language-features/client/out/jsonMain
[2018-07-31 20:19:07.252] [exthost1] [info] ExtensionService#_doActivateExtension vscode.npm {"startup":false,"activationEvent":"onLanguage:json"}
[2018-07-31 20:19:07.252] [exthost1] [info] ExtensionService#loadCommonJSModule /usr/share/code/resources/app/extensions/npm/out/main
[2018-07-31 20:19:07.535] [exthost1] [info] ExtensionService#_doActivateExtension eg2.vscode-npm-script {"startup":false,"activationEvent":"onLanguage:json"}
[2018-07-31 20:19:07.535] [exthost1] [info] ExtensionService#loadCommonJSModule /home/nemesis1346/.vscode/extensions/eg2.vscode-npm-script-0.3.5/out/src/main
[2018-07-31 20:28:57.664] [exthost1] [info] extension host started
[2018-07-31 20:28:57.719] [exthost1] [info] ExtensionService#_doActivateExtension vscode.emmet {"startup":true,"activationEvent":"*"}
[2018-07-31 20:28:57.719] [exthost1] [info] ExtensionService#loadCommonJSModule /usr/share/code/resources/app/extensions/emmet/out/extension
[2018-07-31 20:28:57.879] [exthost1] [info] ExtensionService#_doActivateExtension vscode.git {"startup":true,"activationEvent":"*"}
[2018-07-31 20:28:57.879] [exthost1] [info] ExtensionService#loadCommonJSModule /usr/share/code/resources/app/extensions/git/out/main
[2018-07-31 20:28:58.851] [exthost1] [info] ExtensionService#_doActivateExtension vscode.merge-conflict {"startup":true,"activationEvent":"*"}
[2018-07-31 20:28:58.851] [exthost1] [info] ExtensionService#loadCommonJSModule /usr/share/code/resources/app/extensions/merge-conflict/out/extension
[2018-07-31 20:28:58.928] [exthost1] [info] ExtensionService#_doActivateExtension vscode.search-rg {"startup":true,"activationEvent":"*"}
[2018-07-31 20:28:58.928] [exthost1] [info] ExtensionService#loadCommonJSModule /usr/share/code/resources/app/extensions/search-rg/out/extension
[2018-07-31 20:28:58.987] [exthost1] [info] ExtensionService#_doActivateExtension christian-kohler.path-intellisense {"startup":true,"activationEvent":"*"}
[2018-07-31 20:28:58.987] [exthost1] [info] ExtensionService#loadCommonJSModule /home/nemesis1346/.vscode/extensions/christian-kohler.path-intellisense-1.4.2/out/src/extension
[2018-07-31 20:28:59.030] [exthost1] [info] ExtensionService#_doActivateExtension dbaeumer.vscode-eslint {"startup":true,"activationEvent":"*"}
[2018-07-31 20:28:59.030] [exthost1] [info] ExtensionService#loadCommonJSModule /home/nemesis1346/.vscode/extensions/dbaeumer.vscode-eslint-1.4.12/client/out/extension
[2018-07-31 20:28:59.349] [exthost1] [info] ExtensionService#_doActivateExtension kisstkondoros.vscode-codemetrics {"startup":true,"activationEvent":"*"}
[2018-07-31 20:28:59.349] [exthost1] [info] ExtensionService#loadCommonJSModule /home/nemesis1346/.vscode/extensions/kisstkondoros.vscode-codemetrics-1.17.1/out/src/extension
[2018-07-31 20:29:00.115] [exthost1] [info] ExtensionService#_doActivateExtension ms-vsliveshare.vsliveshare {"startup":true,"activationEvent":"*"}
[2018-07-31 20:29:00.115] [exthost1] [info] ExtensionService#loadCommonJSModule /home/nemesis1346/.vscode/extensions/ms-vsliveshare.vsliveshare-0.3.504/out/src/extension
[2018-07-31 20:29:01.682] [exthost1] [info] ExtensionService#_doActivateExtension Shan.code-settings-sync {"startup":true,"activationEvent":"*"}
[2018-07-31 20:29:01.682] [exthost1] [info] ExtensionService#loadCommonJSModule /home/nemesis1346/.vscode/extensions/shan.code-settings-sync-3.0.0/out/src/extension
[2018-07-31 20:29:02.472] [exthost1] [info] ExtensionService#_doActivateExtension wayou.vscode-todo-highlight {"startup":true,"activationEvent":"*"}
[2018-07-31 20:29:02.472] [exthost1] [info] ExtensionService#loadCommonJSModule /home/nemesis1346/.vscode/extensions/wayou.vscode-todo-highlight-1.0.4/src/extension
[2018-07-31 20:29:02.506] [exthost1] [info] eager extensions activated
[2018-07-31 20:29:02.509] [exthost1] [info] ExtensionService#_doActivateExtension vscode.typescript-language-features {"startup":false,"activationEvent":"onLanguage:javascriptreact"}
[2018-07-31 20:29:02.509] [exthost1] [info] ExtensionService#loadCommonJSModule /usr/share/code/resources/app/extensions/typescript-language-features/out/extension
[2018-07-31 20:29:02.725] [exthost1] [info] ExtensionService#_doActivateExtension christian-kohler.npm-intellisense {"startup":false,"activationEvent":"onLanguage:javascriptreact"}
[2018-07-31 20:29:02.725] [exthost1] [info] ExtensionService#loadCommonJSModule /home/nemesis1346/.vscode/extensions/christian-kohler.npm-intellisense-1.3.0/out/src/extension
[2018-07-31 20:29:02.745] [exthost1] [info] ExtensionService#_doActivateExtension wix.vscode-import-cost {"startup":false,"activationEvent":"onLanguage:javascriptreact"}
[2018-07-31 20:29:02.745] [exthost1] [info] ExtensionService#loadCommonJSModule /home/nemesis1346/.vscode/extensions/wix.vscode-import-cost-2.8.0/out/src/extension
[2018-07-31 20:29:05.743] [exthost1] [info] ExtensionService#_doActivateExtension ms-vsliveshare.vsliveshare-audio {"startup":true,"activationEvent":"*"}
[2018-07-31 20:29:05.743] [exthost1] [info] ExtensionService#loadCommonJSModule /home/nemesis1346/.vscode/extensions/ms-vsliveshare.vsliveshare-audio-0.1.28/out/extension
[2018-07-31 20:29:20.004] [exthost1] [info] ExtensionService#_doActivateExtension vscode.extension-editing {"startup":false,"activationEvent":"onLanguage:typescript"}
[2018-07-31 20:29:20.004] [exthost1] [info] ExtensionService#loadCommonJSModule /usr/share/code/resources/app/extensions/extension-editing/out/extension
[2018-07-31 20:31:22.400] [exthost1] [info] extension host started
[2018-07-31 20:31:22.467] [exthost1] [info] ExtensionService#_doActivateExtension vscode.emmet {"startup":true,"activationEvent":"*"}
[2018-07-31 20:31:22.467] [exthost1] [info] ExtensionService#loadCommonJSModule /usr/share/code/resources/app/extensions/emmet/out/extension
[2018-07-31 20:31:22.605] [exthost1] [info] ExtensionService#_doActivateExtension vscode.git {"startup":true,"activationEvent":"*"}
[2018-07-31 20:31:22.605] [exthost1] [info] ExtensionService#loadCommonJSModule /usr/share/code/resources/app/extensions/git/out/main
[2018-07-31 20:31:22.840] [exthost1] [info] ExtensionService#_doActivateExtension vscode.merge-conflict {"startup":true,"activationEvent":"*"}
[2018-07-31 20:31:22.840] [exthost1] [info] ExtensionService#loadCommonJSModule /usr/share/code/resources/app/extensions/merge-conflict/out/extension
[2018-07-31 20:31:22.855] [exthost1] [info] ExtensionService#_doActivateExtension vscode.search-rg {"startup":true,"activationEvent":"*"}
[2018-07-31 20:31:22.855] [exthost1] [info] ExtensionService#loadCommonJSModule /usr/share/code/resources/app/extensions/search-rg/out/extension
[2018-07-31 20:31:22.864] [exthost1] [info] ExtensionService#_doActivateExtension christian-kohler.path-intellisense {"startup":true,"activationEvent":"*"}
[2018-07-31 20:31:22.864] [exthost1] [info] ExtensionService#loadCommonJSModule /home/nemesis1346/.vscode/extensions/christian-kohler.path-intellisense-1.4.2/out/src/extension
[2018-07-31 20:31:22.880] [exthost1] [info] ExtensionService#_doActivateExtension dbaeumer.vscode-eslint {"startup":true,"activationEvent":"*"}
[2018-07-31 20:31:22.880] [exthost1] [info] ExtensionService#loadCommonJSModule /home/nemesis1346/.vscode/extensions/dbaeumer.vscode-eslint-1.4.12/client/out/extension
[2018-07-31 20:31:22.975] [exthost1] [info] ExtensionService#_doActivateExtension kisstkondoros.vscode-codemetrics {"startup":true,"activationEvent":"*"}
[2018-07-31 20:31:22.975] [exthost1] [info] ExtensionService#loadCommonJSModule /home/nemesis1346/.vscode/extensions/kisstkondoros.vscode-codemetrics-1.17.1/out/src/extension
[2018-07-31 20:31:23.481] [exthost1] [info] ExtensionService#_doActivateExtension ms-vsliveshare.vsliveshare {"startup":true,"activationEvent":"*"}
[2018-07-31 20:31:23.481] [exthost1] [info] ExtensionService#loadCommonJSModule /home/nemesis1346/.vscode/extensions/ms-vsliveshare.vsliveshare-0.3.504/out/src/extension
[2018-07-31 20:31:24.047] [exthost1] [info] ExtensionService#_doActivateExtension Shan.code-settings-sync {"startup":true,"activationEvent":"*"}
[2018-07-31 20:31:24.047] [exthost1] [info] ExtensionService#loadCommonJSModule /home/nemesis1346/.vscode/extensions/shan.code-settings-sync-3.0.0/out/src/extension
[2018-07-31 20:31:24.284] [exthost1] [info] ExtensionService#_doActivateExtension wayou.vscode-todo-highlight {"startup":true,"activationEvent":"*"}
[2018-07-31 20:31:24.284] [exthost1] [info] ExtensionService#loadCommonJSModule /home/nemesis1346/.vscode/extensions/wayou.vscode-todo-highlight-1.0.4/src/extension
[2018-07-31 20:31:24.314] [exthost1] [info] eager extensions activated
[2018-07-31 20:31:24.318] [exthost1] [info] ExtensionService#_doActivateExtension vscode.typescript-language-features {"startup":false,"activationEvent":"onLanguage:javascriptreact"}
[2018-07-31 20:31:24.318] [exthost1] [info] ExtensionService#loadCommonJSModule /usr/share/code/resources/app/extensions/typescript-language-features/out/extension
[2018-07-31 20:31:24.412] [exthost1] [info] ExtensionService#_doActivateExtension christian-kohler.npm-intellisense {"startup":false,"activationEvent":"onLanguage:javascriptreact"}
[2018-07-31 20:31:24.412] [exthost1] [info] ExtensionService#loadCommonJSModule /home/nemesis1346/.vscode/extensions/christian-kohler.npm-intellisense-1.3.0/out/src/extension
[2018-07-31 20:31:24.422] [exthost1] [info] ExtensionService#_doActivateExtension wix.vscode-import-cost {"startup":false,"activationEvent":"onLanguage:javascriptreact"}
[2018-07-31 20:31:24.422] [exthost1] [info] ExtensionService#loadCommonJSModule /home/nemesis1346/.vscode/extensions/wix.vscode-import-cost-2.8.0/out/src/extension
[2018-07-31 20:31:26.674] [exthost1] [info] ExtensionService#_doActivateExtension ms-vsliveshare.vsliveshare-audio {"startup":true,"activationEvent":"*"}
[2018-07-31 20:31:26.675] [exthost1] [info] ExtensionService#loadCommonJSModule /home/nemesis1346/.vscode/extensions/ms-vsliveshare.vsliveshare-audio-0.1.28/out/extension
[2018-07-31 20:31:36.341] [exthost1] [info] ExtensionService#_doActivateExtension vscode.extension-editing {"startup":false,"activationEvent":"onLanguage:typescript"}
[2018-07-31 20:31:36.341] [exthost1] [info] ExtensionService#loadCommonJSModule /usr/share/code/resources/app/extensions/extension-editing/out/extension
[2018-07-31 20:36:57.887] [exthost1] [info] ExtensionService#_doActivateExtension vscode.configuration-editing {"startup":false,"activationEvent":"onLanguage:json"}
[2018-07-31 20:36:57.887] [exthost1] [info] ExtensionService#loadCommonJSModule /usr/share/code/resources/app/extensions/configuration-editing/out/extension
[2018-07-31 20:36:57.907] [exthost1] [info] ExtensionService#_doActivateExtension vscode.json-language-features {"startup":false,"activationEvent":"onLanguage:json"}
[2018-07-31 20:36:57.907] [exthost1] [info] ExtensionService#loadCommonJSModule /usr/share/code/resources/app/extensions/json-language-features/client/out/jsonMain
[2018-07-31 20:36:58.202] [exthost1] [info] ExtensionService#_doActivateExtension vscode.npm {"startup":false,"activationEvent":"onLanguage:json"}
[2018-07-31 20:36:58.202] [exthost1] [info] ExtensionService#loadCommonJSModule /usr/share/code/resources/app/extensions/npm/out/main
[2018-07-31 20:36:58.299] [exthost1] [info] ExtensionService#_doActivateExtension eg2.vscode-npm-script {"startup":false,"activationEvent":"onLanguage:json"}
[2018-07-31 20:36:58.299] [exthost1] [info] ExtensionService#loadCommonJSModule /home/nemesis1346/.vscode/extensions/eg2.vscode-npm-script-0.3.5/out/src/main
