[2018-07-31 19:35:19.060] [renderer1] [info] no standard startup: not the explorer viewlet
[2018-07-31 19:35:30.422] [renderer1] [info] no standard startup: not just one text editor
[2018-07-31 20:02:04.608] [renderer1] [info] no standard startup: not a new window
[2018-07-31 20:02:23.839] [renderer1] [info] no standard startup: not a new window
[2018-07-31 20:27:13.275] [renderer1] [error] Unexpected token, expected "{" (14:0): SyntaxError: Unexpected token, expected "{" (14:0)
    at _class.raise (/home/nemesis1346/.vscode/extensions/wix.vscode-import-cost-2.8.0/node_modules/@babel/parser/lib/index.js:3898:15)
    at _class.unexpected (/home/nemesis1346/.vscode/extensions/wix.vscode-import-cost-2.8.0/node_modules/@babel/parser/lib/index.js:5227:16)
    at _class.expect (/home/nemesis1346/.vscode/extensions/wix.vscode-import-cost-2.8.0/node_modules/@babel/parser/lib/index.js:5215:28)
    at _class.parseImportSpecifiers (/home/nemesis1346/.vscode/extensions/wix.vscode-import-cost-2.8.0/node_modules/@babel/parser/lib/index.js:8413:10)
    at _class.parseImportSpecifiers (/home/nemesis1346/.vscode/extensions/wix.vscode-import-cost-2.8.0/node_modules/@babel/parser/lib/index.js:2443:51)
    at _class.parseImport (/home/nemesis1346/.vscode/extensions/wix.vscode-import-cost-2.8.0/node_modules/@babel/parser/lib/index.js:8378:12)
    at _class.parseStatementContent (/home/nemesis1346/.vscode/extensions/wix.vscode-import-cost-2.8.0/node_modules/@babel/parser/lib/index.js:7201:27)
    at _class.parseStatement (/home/nemesis1346/.vscode/extensions/wix.vscode-import-cost-2.8.0/node_modules/@babel/parser/lib/index.js:7120:17)
    at _class.parseStatement (/home/nemesis1346/.vscode/extensions/wix.vscode-import-cost-2.8.0/node_modules/@babel/parser/lib/index.js:1912:57)
    at _class.parseBlockOrModuleBlockBody (/home/nemesis1346/.vscode/extensions/wix.vscode-import-cost-2.8.0/node_modules/@babel/parser/lib/index.js:7671:23)
    at _class.parseBlockBody (/home/nemesis1346/.vscode/extensions/wix.vscode-import-cost-2.8.0/node_modules/@babel/parser/lib/index.js:7658:10)
    at _class.parseTopLevel (/home/nemesis1346/.vscode/extensions/wix.vscode-import-cost-2.8.0/node_modules/@babel/parser/lib/index.js:7085:10)
    at _class.parse (/home/nemesis1346/.vscode/extensions/wix.vscode-import-cost-2.8.0/node_modules/@babel/parser/lib/index.js:8471:17)
    at parse (/home/nemesis1346/.vscode/extensions/wix.vscode-import-cost-2.8.0/node_modules/@babel/parser/lib/index.js:10404:38)
    at parse (/home/nemesis1346/.vscode/extensions/wix.vscode-import-cost-2.8.0/node_modules/import-cost/dist/src/jsParser.js:51:28)
    at getPackages (/home/nemesis1346/.vscode/extensions/wix.vscode-import-cost-2.8.0/node_modules/import-cost/dist/src/jsParser.js:45:13)
    at getPackages (/home/nemesis1346/.vscode/extensions/wix.vscode-import-cost-2.8.0/node_modules/import-cost/dist/src/parser.js:18:38)
    at Object._callee$ (/home/nemesis1346/.vscode/extensions/wix.vscode-import-cost-2.8.0/node_modules/import-cost/dist/src/index.js:41:47)
    at tryCatch (/home/nemesis1346/.vscode/extensions/wix.vscode-import-cost-2.8.0/node_modules/babel-runtime/node_modules/regenerator-runtime/runtime.js:62:40)
    at Generator.invoke [as _invoke] (/home/nemesis1346/.vscode/extensions/wix.vscode-import-cost-2.8.0/node_modules/babel-runtime/node_modules/regenerator-runtime/runtime.js:296:22)
    at Generator.prototype.(anonymous function) [as next] (/home/nemesis1346/.vscode/extensions/wix.vscode-import-cost-2.8.0/node_modules/babel-runtime/node_modules/regenerator-runtime/runtime.js:114:21)
    at step (/home/nemesis1346/.vscode/extensions/wix.vscode-import-cost-2.8.0/node_modules/import-cost/dist/src/index.js:21:191)
    at /home/nemesis1346/.vscode/extensions/wix.vscode-import-cost-2.8.0/node_modules/import-cost/dist/src/index.js:21:437
    at Promise (<anonymous>)
    at Timeout._onTimeout (/home/nemesis1346/.vscode/extensions/wix.vscode-import-cost-2.8.0/node_modules/import-cost/dist/src/index.js:21:99)
    at ontimeout (timers.js:386:14)
    at tryOnTimeout (timers.js:250:5)
    at Timer.listOnTimeout (timers.js:214:5)
[2018-07-31 20:28:56.947] [renderer1] [info] no standard startup: not a new window
[2018-07-31 20:31:21.733] [renderer1] [info] no standard startup: not a new window
[2018-07-31 20:59:50.315] [renderer1] [error] Unexpected token (6:0): SyntaxError: Unexpected token (6:0)
    at _class.raise (/home/nemesis1346/.vscode/extensions/wix.vscode-import-cost-2.8.0/node_modules/@babel/parser/lib/index.js:3898:15)
    at _class.unexpected (/home/nemesis1346/.vscode/extensions/wix.vscode-import-cost-2.8.0/node_modules/@babel/parser/lib/index.js:5227:16)
    at _class.parseExprAtom (/home/nemesis1346/.vscode/extensions/wix.vscode-import-cost-2.8.0/node_modules/@babel/parser/lib/index.js:6303:20)
    at _class.parseExprAtom (/home/nemesis1346/.vscode/extensions/wix.vscode-import-cost-2.8.0/node_modules/@babel/parser/lib/index.js:3599:52)
    at _class.parseExprSubscripts (/home/nemesis1346/.vscode/extensions/wix.vscode-import-cost-2.8.0/node_modules/@babel/parser/lib/index.js:5903:21)
    at _class.parseMaybeUnary (/home/nemesis1346/.vscode/extensions/wix.vscode-import-cost-2.8.0/node_modules/@babel/parser/lib/index.js:5882:21)
    at _class.parseExprOps (/home/nemesis1346/.vscode/extensions/wix.vscode-import-cost-2.8.0/node_modules/@babel/parser/lib/index.js:5791:21)
    at _class.parseMaybeConditional (/home/nemesis1346/.vscode/extensions/wix.vscode-import-cost-2.8.0/node_modules/@babel/parser/lib/index.js:5763:21)
    at _class.parseMaybeAssign (/home/nemesis1346/.vscode/extensions/wix.vscode-import-cost-2.8.0/node_modules/@babel/parser/lib/index.js:5710:21)
    at _class.parseMaybeAssign (/home/nemesis1346/.vscode/extensions/wix.vscode-import-cost-2.8.0/node_modules/@babel/parser/lib/index.js:2587:53)
    at _class.parseObjectProperty (/home/nemesis1346/.vscode/extensions/wix.vscode-import-cost-2.8.0/node_modules/@babel/parser/lib/index.js:6765:101)
    at _class.parseObjPropValue (/home/nemesis1346/.vscode/extensions/wix.vscode-import-cost-2.8.0/node_modules/@babel/parser/lib/index.js:6790:99)
    at _class.parseObjPropValue (/home/nemesis1346/.vscode/extensions/wix.vscode-import-cost-2.8.0/node_modules/@babel/parser/lib/index.js:2372:47)
    at _class.parseObj (/home/nemesis1346/.vscode/extensions/wix.vscode-import-cost-2.8.0/node_modules/@babel/parser/lib/index.js:6701:12)
    at _class.parseExprAtom (/home/nemesis1346/.vscode/extensions/wix.vscode-import-cost-2.8.0/node_modules/@babel/parser/lib/index.js:6269:21)
    at _class.parseExprAtom (/home/nemesis1346/.vscode/extensions/wix.vscode-import-cost-2.8.0/node_modules/@babel/parser/lib/index.js:3599:52)
    at _class.parseExprSubscripts (/home/nemesis1346/.vscode/extensions/wix.vscode-import-cost-2.8.0/node_modules/@babel/parser/lib/index.js:5903:21)
    at _class.parseMaybeUnary (/home/nemesis1346/.vscode/extensions/wix.vscode-import-cost-2.8.0/node_modules/@babel/parser/lib/index.js:5882:21)
    at _class.parseExprOps (/home/nemesis1346/.vscode/extensions/wix.vscode-import-cost-2.8.0/node_modules/@babel/parser/lib/index.js:5791:21)
    at _class.parseMaybeConditional (/home/nemesis1346/.vscode/extensions/wix.vscode-import-cost-2.8.0/node_modules/@babel/parser/lib/index.js:5763:21)
    at _class.parseMaybeAssign (/home/nemesis1346/.vscode/extensions/wix.vscode-import-cost-2.8.0/node_modules/@babel/parser/lib/index.js:5710:21)
    at _class.parseMaybeAssign (/home/nemesis1346/.vscode/extensions/wix.vscode-import-cost-2.8.0/node_modules/@babel/parser/lib/index.js:2587:53)
    at _class.parseExprListItem (/home/nemesis1346/.vscode/extensions/wix.vscode-import-cost-2.8.0/node_modules/@babel/parser/lib/index.js:6970:18)
    at _class.parseExprListItem (/home/nemesis1346/.vscode/extensions/wix.vscode-import-cost-2.8.0/node_modules/@babel/parser/lib/index.js:2257:58)
    at _class.parseCallExpressionArguments (/home/nemesis1346/.vscode/extensions/wix.vscode-import-cost-2.8.0/node_modules/@babel/parser/lib/index.js:6099:22)
    at _class.parseSubscript (/home/nemesis1346/.vscode/extensions/wix.vscode-import-cost-2.8.0/node_modules/@babel/parser/lib/index.js:6008:32)
    at _class.parseSubscript (/home/nemesis1346/.vscode/extensions/wix.vscode-import-cost-2.8.0/node_modules/@babel/parser/lib/index.js:2718:51)
    at _class.parseSubscripts (/home/nemesis1346/.vscode/extensions/wix.vscode-import-cost-2.8.0/node_modules/@babel/parser/lib/index.js:5923:19)
    at _class.parseSubscripts (/home/nemesis1346/.vscode/extensions/wix.vscode-import-cost-2.8.0/node_modules/@babel/parser/lib/index.js:2671:52)
    at _class.parseExprSubscripts (/home/nemesis1346/.vscode/extensions/wix.vscode-import-cost-2.8.0/node_modules/@babel/parser/lib/index.js:5913:17)
    at _class.parseMaybeUnary (/home/nemesis1346/.vscode/extensions/wix.vscode-import-cost-2.8.0/node_modules/@babel/parser/lib/index.js:5882:21)
    at _class.parseExprOps (/home/nemesis1346/.vscode/extensions/wix.vscode-import-cost-2.8.0/node_modules/@babel/parser/lib/index.js:5791:21)
    at _class.parseMaybeConditional (/home/nemesis1346/.vscode/extensions/wix.vscode-import-cost-2.8.0/node_modules/@babel/parser/lib/index.js:5763:21)
    at _class.parseMaybeAssign (/home/nemesis1346/.vscode/extensions/wix.vscode-import-cost-2.8.0/node_modules/@babel/parser/lib/index.js:5710:21)
    at _class.parseMaybeAssign (/home/nemesis1346/.vscode/extensions/wix.vscode-import-cost-2.8.0/node_modules/@babel/parser/lib/index.js:2587:53)
    at _class.parseExportDefaultExpression (/home/nemesis1346/.vscode/extensions/wix.vscode-import-cost-2.8.0/node_modules/@babel/parser/lib/index.js:8187:22)
    at _class.parseExport (/home/nemesis1346/.vscode/extensions/wix.vscode-import-cost-2.8.0/node_modules/@babel/parser/lib/index.js:8141:31)
    at _class.parseExport (/home/nemesis1346/.vscode/extensions/wix.vscode-import-cost-2.8.0/node_modules/@babel/parser/lib/index.js:2132:48)
    at _class.parseStatementContent (/home/nemesis1346/.vscode/extensions/wix.vscode-import-cost-2.8.0/node_modules/@babel/parser/lib/index.js:7207:27)
    at _class.parseStatement (/home/nemesis1346/.vscode/extensions/wix.vscode-import-cost-2.8.0/node_modules/@babel/parser/lib/index.js:7120:17)
    at _class.parseStatement (/home/nemesis1346/.vscode/extensions/wix.vscode-import-cost-2.8.0/node_modules/@babel/parser/lib/index.js:1912:57)
    at _class.parseBlockOrModuleBlockBody (/home/nemesis1346/.vscode/extensions/wix.vscode-import-cost-2.8.0/node_modules/@babel/parser/lib/index.js:7671:23)
    at _class.parseBlockBody (/home/nemesis1346/.vscode/extensions/wix.vscode-import-cost-2.8.0/node_modules/@babel/parser/lib/index.js:7658:10)
    at _class.parseTopLevel (/home/nemesis1346/.vscode/extensions/wix.vscode-import-cost-2.8.0/node_modules/@babel/parser/lib/index.js:7085:10)
    at _class.parse (/home/nemesis1346/.vscode/extensions/wix.vscode-import-cost-2.8.0/node_modules/@babel/parser/lib/index.js:8471:17)
    at parse (/home/nemesis1346/.vscode/extensions/wix.vscode-import-cost-2.8.0/node_modules/@babel/parser/lib/index.js:10404:38)
    at parse (/home/nemesis1346/.vscode/extensions/wix.vscode-import-cost-2.8.0/node_modules/import-cost/dist/src/jsParser.js:51:28)
    at getPackages (/home/nemesis1346/.vscode/extensions/wix.vscode-import-cost-2.8.0/node_modules/import-cost/dist/src/jsParser.js:45:13)
    at getPackages (/home/nemesis1346/.vscode/extensions/wix.vscode-import-cost-2.8.0/node_modules/import-cost/dist/src/parser.js:18:38)
    at Object._callee$ (/home/nemesis1346/.vscode/extensions/wix.vscode-import-cost-2.8.0/node_modules/import-cost/dist/src/index.js:41:47)
    at tryCatch (/home/nemesis1346/.vscode/extensions/wix.vscode-import-cost-2.8.0/node_modules/babel-runtime/node_modules/regenerator-runtime/runtime.js:62:40)
    at Generator.invoke [as _invoke] (/home/nemesis1346/.vscode/extensions/wix.vscode-import-cost-2.8.0/node_modules/babel-runtime/node_modules/regenerator-runtime/runtime.js:296:22)
    at Generator.prototype.(anonymous function) [as next] (/home/nemesis1346/.vscode/extensions/wix.vscode-import-cost-2.8.0/node_modules/babel-runtime/node_modules/regenerator-runtime/runtime.js:114:21)
    at step (/home/nemesis1346/.vscode/extensions/wix.vscode-import-cost-2.8.0/node_modules/import-cost/dist/src/index.js:21:191)
    at /home/nemesis1346/.vscode/extensions/wix.vscode-import-cost-2.8.0/node_modules/import-cost/dist/src/index.js:21:437
    at Promise (<anonymous>)
    at Timeout._onTimeout (/home/nemesis1346/.vscode/extensions/wix.vscode-import-cost-2.8.0/node_modules/import-cost/dist/src/index.js:21:99)
    at ontimeout (timers.js:386:14)
    at tryOnTimeout (timers.js:250:5)
    at Timer.listOnTimeout (timers.js:214:5)
[2018-07-31 21:02:22.590] [renderer1] [error] An unknown error occurred. Please consult the log for more details.
[2018-07-31 21:02:44.010] [renderer1] [error] Unexpected token, expected ":" (6:8): SyntaxError: Unexpected token, expected ":" (6:8)
    at _class.raise (/home/nemesis1346/.vscode/extensions/wix.vscode-import-cost-2.8.0/node_modules/@babel/parser/lib/index.js:3898:15)
    at _class.unexpected (/home/nemesis1346/.vscode/extensions/wix.vscode-import-cost-2.8.0/node_modules/@babel/parser/lib/index.js:5227:16)
    at _class.expect (/home/nemesis1346/.vscode/extensions/wix.vscode-import-cost-2.8.0/node_modules/@babel/parser/lib/index.js:5215:28)
    at _class.parseSwitchStatement (/home/nemesis1346/.vscode/extensions/wix.vscode-import-cost-2.8.0/node_modules/@babel/parser/lib/index.js:7506:14)
    at _class.parseStatementContent (/home/nemesis1346/.vscode/extensions/wix.vscode-import-cost-2.8.0/node_modules/@babel/parser/lib/index.js:7157:21)
    at _class.parseStatement (/home/nemesis1346/.vscode/extensions/wix.vscode-import-cost-2.8.0/node_modules/@babel/parser/lib/index.js:7120:17)
    at _class.parseStatement (/home/nemesis1346/.vscode/extensions/wix.vscode-import-cost-2.8.0/node_modules/@babel/parser/lib/index.js:1912:57)
    at _class.parseBlockOrModuleBlockBody (/home/nemesis1346/.vscode/extensions/wix.vscode-import-cost-2.8.0/node_modules/@babel/parser/lib/index.js:7671:23)
    at _class.parseBlockBody (/home/nemesis1346/.vscode/extensions/wix.vscode-import-cost-2.8.0/node_modules/@babel/parser/lib/index.js:7658:10)
    at _class.parseBlock (/home/nemesis1346/.vscode/extensions/wix.vscode-import-cost-2.8.0/node_modules/@babel/parser/lib/index.js:7647:10)
    at _class.parseFunctionBody (/home/nemesis1346/.vscode/extensions/wix.vscode-import-cost-2.8.0/node_modules/@babel/parser/lib/index.js:6900:24)
    at _class.parseFunctionBody (/home/nemesis1346/.vscode/extensions/wix.vscode-import-cost-2.8.0/node_modules/@babel/parser/lib/index.js:1889:54)
    at _class.parseFunctionBodyAndFinish (/home/nemesis1346/.vscode/extensions/wix.vscode-import-cost-2.8.0/node_modules/@babel/parser/lib/index.js:6880:10)
    at _class.parseFunctionBodyAndFinish (/home/nemesis1346/.vscode/extensions/wix.vscode-import-cost-2.8.0/node_modules/@babel/parser/lib/index.js:1903:56)
    at _class.parseFunction (/home/nemesis1346/.vscode/extensions/wix.vscode-import-cost-2.8.0/node_modules/@babel/parser/lib/index.js:7796:10)
    at _class.parseExportDefaultExpression (/home/nemesis1346/.vscode/extensions/wix.vscode-import-cost-2.8.0/node_modules/@babel/parser/lib/index.js:8170:19)
    at _class.parseExport (/home/nemesis1346/.vscode/extensions/wix.vscode-import-cost-2.8.0/node_modules/@babel/parser/lib/index.js:8141:31)
    at _class.parseExport (/home/nemesis1346/.vscode/extensions/wix.vscode-import-cost-2.8.0/node_modules/@babel/parser/lib/index.js:2132:48)
    at _class.parseStatementContent (/home/nemesis1346/.vscode/extensions/wix.vscode-import-cost-2.8.0/node_modules/@babel/parser/lib/index.js:7207:27)
    at _class.parseStatement (/home/nemesis1346/.vscode/extensions/wix.vscode-import-cost-2.8.0/node_modules/@babel/parser/lib/index.js:7120:17)
    at _class.parseStatement (/home/nemesis1346/.vscode/extensions/wix.vscode-import-cost-2.8.0/node_modules/@babel/parser/lib/index.js:1912:57)
    at _class.parseBlockOrModuleBlockBody (/home/nemesis1346/.vscode/extensions/wix.vscode-import-cost-2.8.0/node_modules/@babel/parser/lib/index.js:7671:23)
    at _class.parseBlockBody (/home/nemesis1346/.vscode/extensions/wix.vscode-import-cost-2.8.0/node_modules/@babel/parser/lib/index.js:7658:10)
    at _class.parseTopLevel (/home/nemesis1346/.vscode/extensions/wix.vscode-import-cost-2.8.0/node_modules/@babel/parser/lib/index.js:7085:10)
    at _class.parse (/home/nemesis1346/.vscode/extensions/wix.vscode-import-cost-2.8.0/node_modules/@babel/parser/lib/index.js:8471:17)
    at parse (/home/nemesis1346/.vscode/extensions/wix.vscode-import-cost-2.8.0/node_modules/@babel/parser/lib/index.js:10404:38)
    at parse (/home/nemesis1346/.vscode/extensions/wix.vscode-import-cost-2.8.0/node_modules/import-cost/dist/src/jsParser.js:51:28)
    at getPackages (/home/nemesis1346/.vscode/extensions/wix.vscode-import-cost-2.8.0/node_modules/import-cost/dist/src/jsParser.js:45:13)
    at getPackages (/home/nemesis1346/.vscode/extensions/wix.vscode-import-cost-2.8.0/node_modules/import-cost/dist/src/parser.js:18:38)
    at Object._callee$ (/home/nemesis1346/.vscode/extensions/wix.vscode-import-cost-2.8.0/node_modules/import-cost/dist/src/index.js:41:47)
    at tryCatch (/home/nemesis1346/.vscode/extensions/wix.vscode-import-cost-2.8.0/node_modules/babel-runtime/node_modules/regenerator-runtime/runtime.js:62:40)
    at Generator.invoke [as _invoke] (/home/nemesis1346/.vscode/extensions/wix.vscode-import-cost-2.8.0/node_modules/babel-runtime/node_modules/regenerator-runtime/runtime.js:296:22)
    at Generator.prototype.(anonymous function) [as next] (/home/nemesis1346/.vscode/extensions/wix.vscode-import-cost-2.8.0/node_modules/babel-runtime/node_modules/regenerator-runtime/runtime.js:114:21)
    at step (/home/nemesis1346/.vscode/extensions/wix.vscode-import-cost-2.8.0/node_modules/import-cost/dist/src/index.js:21:191)
    at /home/nemesis1346/.vscode/extensions/wix.vscode-import-cost-2.8.0/node_modules/import-cost/dist/src/index.js:21:437
    at Promise (<anonymous>)
    at Timeout._onTimeout (/home/nemesis1346/.vscode/extensions/wix.vscode-import-cost-2.8.0/node_modules/import-cost/dist/src/index.js:21:99)
    at ontimeout (timers.js:386:14)
    at tryOnTimeout (timers.js:250:5)
    at Timer.listOnTimeout (timers.js:214:5)
[2018-07-31 21:15:42.884] [renderer1] [error] Unexpected token (2:18): SyntaxError: Unexpected token (2:18)
    at _class.raise (/home/nemesis1346/.vscode/extensions/wix.vscode-import-cost-2.8.0/node_modules/@babel/parser/lib/index.js:3898:15)
    at _class.unexpected (/home/nemesis1346/.vscode/extensions/wix.vscode-import-cost-2.8.0/node_modules/@babel/parser/lib/index.js:5227:16)
    at _class.parseImport (/home/nemesis1346/.vscode/extensions/wix.vscode-import-cost-2.8.0/node_modules/@babel/parser/lib/index.js:8380:76)
    at _class.parseStatementContent (/home/nemesis1346/.vscode/extensions/wix.vscode-import-cost-2.8.0/node_modules/@babel/parser/lib/index.js:7201:27)
    at _class.parseStatement (/home/nemesis1346/.vscode/extensions/wix.vscode-import-cost-2.8.0/node_modules/@babel/parser/lib/index.js:7120:17)
    at _class.parseStatement (/home/nemesis1346/.vscode/extensions/wix.vscode-import-cost-2.8.0/node_modules/@babel/parser/lib/index.js:1912:57)
    at _class.parseBlockOrModuleBlockBody (/home/nemesis1346/.vscode/extensions/wix.vscode-import-cost-2.8.0/node_modules/@babel/parser/lib/index.js:7671:23)
    at _class.parseBlockBody (/home/nemesis1346/.vscode/extensions/wix.vscode-import-cost-2.8.0/node_modules/@babel/parser/lib/index.js:7658:10)
    at _class.parseTopLevel (/home/nemesis1346/.vscode/extensions/wix.vscode-import-cost-2.8.0/node_modules/@babel/parser/lib/index.js:7085:10)
    at _class.parse (/home/nemesis1346/.vscode/extensions/wix.vscode-import-cost-2.8.0/node_modules/@babel/parser/lib/index.js:8471:17)
    at parse (/home/nemesis1346/.vscode/extensions/wix.vscode-import-cost-2.8.0/node_modules/@babel/parser/lib/index.js:10404:38)
    at parse (/home/nemesis1346/.vscode/extensions/wix.vscode-import-cost-2.8.0/node_modules/import-cost/dist/src/jsParser.js:51:28)
    at getPackages (/home/nemesis1346/.vscode/extensions/wix.vscode-import-cost-2.8.0/node_modules/import-cost/dist/src/jsParser.js:45:13)
    at getPackages (/home/nemesis1346/.vscode/extensions/wix.vscode-import-cost-2.8.0/node_modules/import-cost/dist/src/parser.js:18:38)
    at Object._callee$ (/home/nemesis1346/.vscode/extensions/wix.vscode-import-cost-2.8.0/node_modules/import-cost/dist/src/index.js:41:47)
    at tryCatch (/home/nemesis1346/.vscode/extensions/wix.vscode-import-cost-2.8.0/node_modules/babel-runtime/node_modules/regenerator-runtime/runtime.js:62:40)
    at Generator.invoke [as _invoke] (/home/nemesis1346/.vscode/extensions/wix.vscode-import-cost-2.8.0/node_modules/babel-runtime/node_modules/regenerator-runtime/runtime.js:296:22)
    at Generator.prototype.(anonymous function) [as next] (/home/nemesis1346/.vscode/extensions/wix.vscode-import-cost-2.8.0/node_modules/babel-runtime/node_modules/regenerator-runtime/runtime.js:114:21)
    at step (/home/nemesis1346/.vscode/extensions/wix.vscode-import-cost-2.8.0/node_modules/import-cost/dist/src/index.js:21:191)
    at /home/nemesis1346/.vscode/extensions/wix.vscode-import-cost-2.8.0/node_modules/import-cost/dist/src/index.js:21:437
    at Promise (<anonymous>)
    at Timeout._onTimeout (/home/nemesis1346/.vscode/extensions/wix.vscode-import-cost-2.8.0/node_modules/import-cost/dist/src/index.js:21:99)
    at ontimeout (timers.js:386:14)
    at tryOnTimeout (timers.js:250:5)
    at Timer.listOnTimeout (timers.js:214:5)
[2018-07-31 21:27:22.073] [renderer1] [error] Unexpected token, expected "," (1:14): SyntaxError: Unexpected token, expected "," (1:14)
    at _class.raise (/home/nemesis1346/.vscode/extensions/wix.vscode-import-cost-2.8.0/node_modules/@babel/parser/lib/index.js:3898:15)
    at _class.unexpected (/home/nemesis1346/.vscode/extensions/wix.vscode-import-cost-2.8.0/node_modules/@babel/parser/lib/index.js:5227:16)
    at _class.expect (/home/nemesis1346/.vscode/extensions/wix.vscode-import-cost-2.8.0/node_modules/@babel/parser/lib/index.js:5215:28)
    at _class.parseImportSpecifiers (/home/nemesis1346/.vscode/extensions/wix.vscode-import-cost-2.8.0/node_modules/@babel/parser/lib/index.js:8423:14)
    at _class.parseImportSpecifiers (/home/nemesis1346/.vscode/extensions/wix.vscode-import-cost-2.8.0/node_modules/@babel/parser/lib/index.js:2443:51)
    at _class.parseImport (/home/nemesis1346/.vscode/extensions/wix.vscode-import-cost-2.8.0/node_modules/@babel/parser/lib/index.js:8378:12)
    at _class.parseStatementContent (/home/nemesis1346/.vscode/extensions/wix.vscode-import-cost-2.8.0/node_modules/@babel/parser/lib/index.js:7201:27)
    at _class.parseStatement (/home/nemesis1346/.vscode/extensions/wix.vscode-import-cost-2.8.0/node_modules/@babel/parser/lib/index.js:7120:17)
    at _class.parseStatement (/home/nemesis1346/.vscode/extensions/wix.vscode-import-cost-2.8.0/node_modules/@babel/parser/lib/index.js:1912:57)
    at _class.parseBlockOrModuleBlockBody (/home/nemesis1346/.vscode/extensions/wix.vscode-import-cost-2.8.0/node_modules/@babel/parser/lib/index.js:7671:23)
    at _class.parseBlockBody (/home/nemesis1346/.vscode/extensions/wix.vscode-import-cost-2.8.0/node_modules/@babel/parser/lib/index.js:7658:10)
    at _class.parseTopLevel (/home/nemesis1346/.vscode/extensions/wix.vscode-import-cost-2.8.0/node_modules/@babel/parser/lib/index.js:7085:10)
    at _class.parse (/home/nemesis1346/.vscode/extensions/wix.vscode-import-cost-2.8.0/node_modules/@babel/parser/lib/index.js:8471:17)
    at parse (/home/nemesis1346/.vscode/extensions/wix.vscode-import-cost-2.8.0/node_modules/@babel/parser/lib/index.js:10404:38)
    at parse (/home/nemesis1346/.vscode/extensions/wix.vscode-import-cost-2.8.0/node_modules/import-cost/dist/src/jsParser.js:51:28)
    at getPackages (/home/nemesis1346/.vscode/extensions/wix.vscode-import-cost-2.8.0/node_modules/import-cost/dist/src/jsParser.js:45:13)
    at getPackages (/home/nemesis1346/.vscode/extensions/wix.vscode-import-cost-2.8.0/node_modules/import-cost/dist/src/parser.js:18:38)
    at Object._callee$ (/home/nemesis1346/.vscode/extensions/wix.vscode-import-cost-2.8.0/node_modules/import-cost/dist/src/index.js:41:47)
    at tryCatch (/home/nemesis1346/.vscode/extensions/wix.vscode-import-cost-2.8.0/node_modules/babel-runtime/node_modules/regenerator-runtime/runtime.js:62:40)
    at Generator.invoke [as _invoke] (/home/nemesis1346/.vscode/extensions/wix.vscode-import-cost-2.8.0/node_modules/babel-runtime/node_modules/regenerator-runtime/runtime.js:296:22)
    at Generator.prototype.(anonymous function) [as next] (/home/nemesis1346/.vscode/extensions/wix.vscode-import-cost-2.8.0/node_modules/babel-runtime/node_modules/regenerator-runtime/runtime.js:114:21)
    at step (/home/nemesis1346/.vscode/extensions/wix.vscode-import-cost-2.8.0/node_modules/import-cost/dist/src/index.js:21:191)
    at /home/nemesis1346/.vscode/extensions/wix.vscode-import-cost-2.8.0/node_modules/import-cost/dist/src/index.js:21:437
    at Promise (<anonymous>)
    at Timeout._onTimeout (/home/nemesis1346/.vscode/extensions/wix.vscode-import-cost-2.8.0/node_modules/import-cost/dist/src/index.js:21:99)
    at ontimeout (timers.js:386:14)
    at tryOnTimeout (timers.js:250:5)
    at Timer.listOnTimeout (timers.js:214:5)
