[2018-07-31 19:35:20.464] [sharedprocess] [info] main {"machineId":"9fdfa4003eb0988f4a7937db7105258e70cc2f0394d9e4b2f16b661bcb28dd0d"}
[2018-07-31 19:35:20.668] [sharedprocess] [info] Scanned user extensions: 22
[2018-07-31 19:35:20.690] [sharedprocess] [info] Scanned user extensions: 22
[2018-07-31 19:35:20.690] [sharedprocess] [info] Scanned user extensions: 22
[2018-07-31 19:35:20.693] [sharedprocess] [info] Scanned user extensions: 22
[2018-07-31 19:35:20.752] [sharedprocess] [info] Scanned system extensions: 70
[2018-07-31 19:35:20.902] [sharedprocess] [info] Scanned system extensions: 70
[2018-07-31 19:35:20.906] [sharedprocess] [info] Scanned system extensions: 70
[2018-07-31 19:35:21.158] [sharedprocess] [info] Deleted from disk ms-vsliveshare.vsliveshare-0.3.472
[2018-07-31 19:35:21.835] [sharedprocess] [info] Scanned user extensions: 22
[2018-07-31 19:35:31.048] [sharedprocess] [info] Scanned user extensions: 22
[2018-07-31 19:35:31.053] [sharedprocess] [info] Scanned user extensions: 22
[2018-07-31 19:35:31.059] [sharedprocess] [info] Scanned user extensions: 22
[2018-07-31 19:35:31.258] [sharedprocess] [info] Scanned system extensions: 70
[2018-07-31 19:35:31.267] [sharedprocess] [info] Scanned system extensions: 70
[2018-07-31 19:35:33.017] [sharedprocess] [info] Scanned user extensions: 22
[2018-07-31 19:36:00.472] [sharedprocess] [info] Starting to clean up unused language packs.
[2018-07-31 19:40:33.057] [sharedprocess] [info] Scanned user extensions: 22
[2018-07-31 19:45:33.094] [sharedprocess] [info] Scanned user extensions: 22
[2018-07-31 19:50:33.127] [sharedprocess] [info] Scanned user extensions: 22
[2018-07-31 19:55:33.160] [sharedprocess] [info] Scanned user extensions: 22
[2018-07-31 20:00:33.189] [sharedprocess] [info] Scanned user extensions: 22
[2018-07-31 20:01:39.903] [sharedprocess] [info] Scanned user extensions: 22
[2018-07-31 20:01:39.908] [sharedprocess] [info] Scanned user extensions: 22
[2018-07-31 20:01:39.910] [sharedprocess] [info] Scanned user extensions: 22
[2018-07-31 20:01:39.925] [sharedprocess] [info] Scanned user extensions: 22
[2018-07-31 20:01:40.006] [sharedprocess] [info] Scanned system extensions: 70
[2018-07-31 20:01:40.013] [sharedprocess] [info] Scanned system extensions: 70
[2018-07-31 20:01:40.025] [sharedprocess] [info] Scanned system extensions: 70
[2018-07-31 20:01:49.965] [sharedprocess] [info] Scanned user extensions: 22
[2018-07-31 20:01:49.966] [sharedprocess] [info] Scanned user extensions: 22
[2018-07-31 20:01:49.967] [sharedprocess] [info] Scanned user extensions: 22
[2018-07-31 20:01:50.108] [sharedprocess] [info] Scanned system extensions: 70
[2018-07-31 20:01:50.124] [sharedprocess] [info] Scanned system extensions: 70
[2018-07-31 20:01:50.143] [sharedprocess] [info] Scanned system extensions: 70
[2018-07-31 20:01:57.975] [sharedprocess] [info] Installing extension: es7-react-js-snippets
[2018-07-31 20:01:57.997] [sharedprocess] [info] Scanned user extensions: 22
[2018-07-31 20:01:58.629] [sharedprocess] [info] Downloaded extension: es7-react-js-snippets
[2018-07-31 20:01:58.733] [sharedprocess] [info] Extracted extension to /home/nemesis1346/.vscode/extensions/.dsznajder.es7-react-js-snippets-1.8.5: dsznajder.es7-react-js-snippets-1.8.5
[2018-07-31 20:01:58.734] [sharedprocess] [info] Renamed to /home/nemesis1346/.vscode/extensions/dsznajder.es7-react-js-snippets-1.8.5
[2018-07-31 20:01:58.734] [sharedprocess] [info] Installation completed. dsznajder.es7-react-js-snippets-1.8.5
[2018-07-31 20:01:58.758] [sharedprocess] [info] Extensions installed successfully: dsznajder.es7-react-js-snippets
[2018-07-31 20:01:58.927] [sharedprocess] [info] Scanned user extensions: 23
[2018-07-31 20:01:58.955] [sharedprocess] [info] Scanned system extensions: 70
[2018-07-31 20:02:04.405] [sharedprocess] [info] Scanned user extensions: 23
[2018-07-31 20:02:04.407] [sharedprocess] [info] Scanned user extensions: 23
[2018-07-31 20:02:04.424] [sharedprocess] [info] Scanned user extensions: 23
[2018-07-31 20:02:04.424] [sharedprocess] [info] Scanned user extensions: 23
[2018-07-31 20:02:04.425] [sharedprocess] [info] Scanned user extensions: 23
[2018-07-31 20:02:04.431] [sharedprocess] [info] Scanned user extensions: 23
[2018-07-31 20:02:04.528] [sharedprocess] [info] Scanned system extensions: 70
[2018-07-31 20:02:04.536] [sharedprocess] [info] Scanned system extensions: 70
[2018-07-31 20:02:04.547] [sharedprocess] [info] Scanned system extensions: 70
[2018-07-31 20:02:04.556] [sharedprocess] [info] Scanned system extensions: 70
[2018-07-31 20:02:07.680] [sharedprocess] [info] Scanned user extensions: 23
[2018-07-31 20:02:11.179] [sharedprocess] [info] Scanned user extensions: 23
[2018-07-31 20:02:11.181] [sharedprocess] [info] Scanned user extensions: 23
[2018-07-31 20:02:11.184] [sharedprocess] [info] Scanned user extensions: 23
[2018-07-31 20:02:11.254] [sharedprocess] [info] Scanned system extensions: 70
[2018-07-31 20:02:11.279] [sharedprocess] [info] Scanned system extensions: 70
[2018-07-31 20:02:11.287] [sharedprocess] [info] Scanned system extensions: 70
[2018-07-31 20:02:13.814] [sharedprocess] [info] Installing extension: vscode-react-native
[2018-07-31 20:02:13.848] [sharedprocess] [info] Scanned user extensions: 23
[2018-07-31 20:02:13.883] [sharedprocess] [info] Scanned user extensions: 23
[2018-07-31 20:02:13.912] [sharedprocess] [info] Scanned system extensions: 70
[2018-07-31 20:02:15.184] [sharedprocess] [info] Downloaded extension: vscode-react-native
[2018-07-31 20:02:15.352] [sharedprocess] [info] Installing extension: full-react-snippets
[2018-07-31 20:02:15.388] [sharedprocess] [info] Scanned user extensions: 23
[2018-07-31 20:02:16.031] [sharedprocess] [info] Downloaded extension: full-react-snippets
[2018-07-31 20:02:16.155] [sharedprocess] [info] Extracted extension to /home/nemesis1346/.vscode/extensions/.walter-ribeiro.full-react-snippets-1.1.2: walter-ribeiro.full-react-snippets-1.1.2
[2018-07-31 20:02:16.156] [sharedprocess] [info] Renamed to /home/nemesis1346/.vscode/extensions/walter-ribeiro.full-react-snippets-1.1.2
[2018-07-31 20:02:16.156] [sharedprocess] [info] Installation completed. walter-ribeiro.full-react-snippets-1.1.2
[2018-07-31 20:02:16.166] [sharedprocess] [info] Extensions installed successfully: walter-ribeiro.full-react-snippets
[2018-07-31 20:02:16.349] [sharedprocess] [info] Scanned user extensions: 24
[2018-07-31 20:02:16.386] [sharedprocess] [info] Scanned system extensions: 70
[2018-07-31 20:02:17.967] [sharedprocess] [info] Extracted extension to /home/nemesis1346/.vscode/extensions/.vsmobile.vscode-react-native-0.6.13: vsmobile.vscode-react-native-0.6.13
[2018-07-31 20:02:17.967] [sharedprocess] [info] Renamed to /home/nemesis1346/.vscode/extensions/vsmobile.vscode-react-native-0.6.13
[2018-07-31 20:02:17.967] [sharedprocess] [info] Installation completed. vsmobile.vscode-react-native-0.6.13
[2018-07-31 20:02:18.012] [sharedprocess] [info] Extensions installed successfully: vsmobile.vscode-react-native
[2018-07-31 20:02:18.184] [sharedprocess] [info] Scanned user extensions: 25
[2018-07-31 20:02:18.207] [sharedprocess] [info] Scanned system extensions: 70
[2018-07-31 20:02:19.988] [sharedprocess] [info] Installing extension: react-native-react-redux
[2018-07-31 20:02:20.003] [sharedprocess] [info] Scanned user extensions: 25
[2018-07-31 20:02:20.636] [sharedprocess] [info] Downloaded extension: react-native-react-redux
[2018-07-31 20:02:20.648] [sharedprocess] [info] Extracted extension to /home/nemesis1346/.vscode/extensions/.equimper.react-native-react-redux-1.9.1: equimper.react-native-react-redux-1.9.1
[2018-07-31 20:02:20.648] [sharedprocess] [info] Renamed to /home/nemesis1346/.vscode/extensions/equimper.react-native-react-redux-1.9.1
[2018-07-31 20:02:20.648] [sharedprocess] [info] Installation completed. equimper.react-native-react-redux-1.9.1
[2018-07-31 20:02:20.663] [sharedprocess] [info] Extensions installed successfully: equimper.react-native-react-redux
[2018-07-31 20:02:20.815] [sharedprocess] [info] Scanned user extensions: 26
[2018-07-31 20:02:20.825] [sharedprocess] [info] Scanned system extensions: 70
[2018-07-31 20:02:23.563] [sharedprocess] [info] Scanned user extensions: 26
[2018-07-31 20:02:23.567] [sharedprocess] [info] Scanned user extensions: 26
[2018-07-31 20:02:23.572] [sharedprocess] [info] Scanned user extensions: 26
[2018-07-31 20:02:23.574] [sharedprocess] [info] Scanned user extensions: 26
[2018-07-31 20:02:23.581] [sharedprocess] [info] Scanned user extensions: 26
[2018-07-31 20:02:23.585] [sharedprocess] [info] Scanned user extensions: 26
[2018-07-31 20:02:23.656] [sharedprocess] [info] Scanned system extensions: 70
[2018-07-31 20:02:23.664] [sharedprocess] [info] Scanned system extensions: 70
[2018-07-31 20:02:23.676] [sharedprocess] [info] Scanned system extensions: 70
[2018-07-31 20:02:23.684] [sharedprocess] [info] Scanned system extensions: 70
[2018-07-31 20:02:26.897] [sharedprocess] [info] Scanned user extensions: 26
[2018-07-31 20:07:26.950] [sharedprocess] [info] Scanned user extensions: 26
[2018-07-31 20:12:27.105] [sharedprocess] [info] Scanned user extensions: 26
[2018-07-31 20:17:28.203] [sharedprocess] [info] Scanned user extensions: 26
[2018-07-31 20:22:28.244] [sharedprocess] [info] Scanned user extensions: 26
[2018-07-31 20:27:28.483] [sharedprocess] [info] Scanned user extensions: 26
[2018-07-31 20:28:27.910] [sharedprocess] [info] Scanned user extensions: 26
[2018-07-31 20:28:27.911] [sharedprocess] [info] Scanned user extensions: 26
[2018-07-31 20:28:27.931] [sharedprocess] [info] Scanned user extensions: 26
[2018-07-31 20:28:27.989] [sharedprocess] [info] Scanned user extensions: 26
[2018-07-31 20:28:28.094] [sharedprocess] [info] Scanned system extensions: 70
[2018-07-31 20:28:28.102] [sharedprocess] [info] Scanned system extensions: 70
[2018-07-31 20:28:28.111] [sharedprocess] [info] Scanned system extensions: 70
[2018-07-31 20:28:28.121] [sharedprocess] [info] Scanned system extensions: 70
[2018-07-31 20:28:35.178] [sharedprocess] [info] Scanned user extensions: 26
[2018-07-31 20:28:35.204] [sharedprocess] [info] Scanned system extensions: 70
[2018-07-31 20:28:39.067] [sharedprocess] [info] Scanned user extensions: 26
[2018-07-31 20:28:39.082] [sharedprocess] [info] Scanned system extensions: 70
[2018-07-31 20:28:48.838] [sharedprocess] [info] Scanned user extensions: 26
[2018-07-31 20:28:48.853] [sharedprocess] [info] Scanned system extensions: 70
[2018-07-31 20:28:56.481] [sharedprocess] [info] Scanned user extensions: 26
[2018-07-31 20:28:56.484] [sharedprocess] [info] Scanned user extensions: 26
[2018-07-31 20:28:56.505] [sharedprocess] [info] Scanned user extensions: 26
[2018-07-31 20:28:56.509] [sharedprocess] [info] Scanned user extensions: 26
[2018-07-31 20:28:56.512] [sharedprocess] [info] Scanned user extensions: 26
[2018-07-31 20:28:56.525] [sharedprocess] [info] Scanned user extensions: 26
[2018-07-31 20:28:56.627] [sharedprocess] [info] Scanned system extensions: 70
[2018-07-31 20:28:56.648] [sharedprocess] [info] Scanned system extensions: 70
[2018-07-31 20:28:56.660] [sharedprocess] [info] Scanned system extensions: 70
[2018-07-31 20:28:56.673] [sharedprocess] [info] Scanned system extensions: 70
[2018-07-31 20:29:00.022] [sharedprocess] [info] Scanned user extensions: 26
[2018-07-31 20:30:54.430] [sharedprocess] [info] Scanned user extensions: 26
[2018-07-31 20:30:54.438] [sharedprocess] [info] Scanned user extensions: 26
[2018-07-31 20:30:54.450] [sharedprocess] [info] Scanned user extensions: 26
[2018-07-31 20:30:54.510] [sharedprocess] [info] Scanned system extensions: 70
[2018-07-31 20:30:54.515] [sharedprocess] [info] Scanned system extensions: 70
[2018-07-31 20:30:54.530] [sharedprocess] [info] Scanned system extensions: 70
[2018-07-31 20:30:58.650] [sharedprocess] [info] Scanned user extensions: 26
[2018-07-31 20:30:58.669] [sharedprocess] [info] Scanned system extensions: 70
[2018-07-31 20:31:07.057] [sharedprocess] [info] Scanned user extensions: 26
[2018-07-31 20:31:07.122] [sharedprocess] [info] Scanned user extensions: 26
[2018-07-31 20:31:07.130] [sharedprocess] [info] Scanned system extensions: 70
[2018-07-31 20:31:07.152] [sharedprocess] [info] Scanned system extensions: 70
[2018-07-31 20:31:21.374] [sharedprocess] [info] Scanned user extensions: 26
[2018-07-31 20:31:21.380] [sharedprocess] [info] Scanned user extensions: 26
[2018-07-31 20:31:21.389] [sharedprocess] [info] Scanned user extensions: 26
[2018-07-31 20:31:21.393] [sharedprocess] [info] Scanned user extensions: 26
[2018-07-31 20:31:21.402] [sharedprocess] [info] Scanned user extensions: 26
[2018-07-31 20:31:21.411] [sharedprocess] [info] Scanned user extensions: 26
[2018-07-31 20:31:21.518] [sharedprocess] [info] Scanned system extensions: 70
[2018-07-31 20:31:21.545] [sharedprocess] [info] Scanned system extensions: 70
[2018-07-31 20:31:21.562] [sharedprocess] [info] Scanned system extensions: 70
[2018-07-31 20:31:21.573] [sharedprocess] [info] Scanned system extensions: 70
[2018-07-31 20:31:24.781] [sharedprocess] [info] Scanned user extensions: 26
[2018-07-31 20:36:25.052] [sharedprocess] [info] Scanned user extensions: 26
[2018-07-31 20:41:25.114] [sharedprocess] [info] Scanned user extensions: 26
[2018-07-31 20:46:25.150] [sharedprocess] [info] Scanned user extensions: 26
[2018-07-31 20:51:25.186] [sharedprocess] [info] Scanned user extensions: 26
[2018-07-31 20:56:25.226] [sharedprocess] [info] Scanned user extensions: 26
[2018-07-31 21:01:25.288] [sharedprocess] [info] Scanned user extensions: 26
[2018-07-31 21:06:25.414] [sharedprocess] [info] Scanned user extensions: 26
[2018-07-31 21:11:25.462] [sharedprocess] [info] Scanned user extensions: 26
[2018-07-31 21:16:25.594] [sharedprocess] [info] Scanned user extensions: 26
[2018-07-31 21:21:25.671] [sharedprocess] [info] Scanned user extensions: 26
[2018-07-31 21:26:25.725] [sharedprocess] [info] Scanned user extensions: 26
