[2018-11-05 15:02:03.498] [exthost] [info] extension host started
[2018-11-05 15:02:03.513] [exthost] [info] ExtensionService#_doActivateExtension vscode.debug-auto-launch {"startup":true,"activationEvent":"*"}
[2018-11-05 15:02:03.513] [exthost] [info] ExtensionService#loadCommonJSModule /usr/share/code/resources/app/extensions/debug-auto-launch/dist/extension
[2018-11-05 15:02:03.517] [exthost] [info] ExtensionService#_doActivateExtension vscode.emmet {"startup":true,"activationEvent":"*"}
[2018-11-05 15:02:03.517] [exthost] [info] ExtensionService#loadCommonJSModule /usr/share/code/resources/app/extensions/emmet/dist/extension
[2018-11-05 15:02:03.547] [exthost] [info] ExtensionService#_doActivateExtension vscode.git {"startup":true,"activationEvent":"*"}
[2018-11-05 15:02:03.547] [exthost] [info] ExtensionService#loadCommonJSModule /usr/share/code/resources/app/extensions/git/dist/main
[2018-11-05 15:02:03.639] [exthost] [info] ExtensionService#_doActivateExtension vscode.merge-conflict {"startup":true,"activationEvent":"*"}
[2018-11-05 15:02:03.639] [exthost] [info] ExtensionService#loadCommonJSModule /usr/share/code/resources/app/extensions/merge-conflict/dist/extension
[2018-11-05 15:02:03.644] [exthost] [info] ExtensionService#_doActivateExtension vscode.search-rg {"startup":true,"activationEvent":"*"}
[2018-11-05 15:02:03.644] [exthost] [info] ExtensionService#loadCommonJSModule /usr/share/code/resources/app/extensions/search-rg/dist/extension
[2018-11-05 15:02:03.648] [exthost] [info] ExtensionService#_doActivateExtension christian-kohler.path-intellisense {"startup":true,"activationEvent":"*"}
[2018-11-05 15:02:03.648] [exthost] [info] ExtensionService#loadCommonJSModule /home/nemesis1346/.vscode/extensions/christian-kohler.path-intellisense-1.4.2/out/src/extension
[2018-11-05 15:02:03.654] [exthost] [info] ExtensionService#_doActivateExtension dbaeumer.vscode-eslint {"startup":true,"activationEvent":"*"}
[2018-11-05 15:02:03.654] [exthost] [info] ExtensionService#loadCommonJSModule /home/nemesis1346/.vscode/extensions/dbaeumer.vscode-eslint-1.7.0/client/out/extension
[2018-11-05 15:02:03.691] [exthost] [info] ExtensionService#_doActivateExtension wayou.vscode-todo-highlight {"startup":true,"activationEvent":"*"}
[2018-11-05 15:02:03.691] [exthost] [info] ExtensionService#loadCommonJSModule /home/nemesis1346/.vscode/extensions/wayou.vscode-todo-highlight-1.0.4/src/extension
[2018-11-05 15:02:03.693] [exthost] [info] eager extensions activated
[2018-11-05 15:02:16.172] [exthost] [info] extension host started
[2018-11-05 15:02:16.187] [exthost] [info] ExtensionService#_doActivateExtension vscode.debug-auto-launch {"startup":true,"activationEvent":"*"}
[2018-11-05 15:02:16.187] [exthost] [info] ExtensionService#loadCommonJSModule /usr/share/code/resources/app/extensions/debug-auto-launch/dist/extension
[2018-11-05 15:02:16.191] [exthost] [info] ExtensionService#_doActivateExtension vscode.emmet {"startup":true,"activationEvent":"*"}
[2018-11-05 15:02:16.191] [exthost] [info] ExtensionService#loadCommonJSModule /usr/share/code/resources/app/extensions/emmet/dist/extension
[2018-11-05 15:02:16.219] [exthost] [info] ExtensionService#_doActivateExtension vscode.git {"startup":true,"activationEvent":"*"}
[2018-11-05 15:02:16.219] [exthost] [info] ExtensionService#loadCommonJSModule /usr/share/code/resources/app/extensions/git/dist/main
[2018-11-05 15:02:16.312] [exthost] [info] ExtensionService#_doActivateExtension vscode.merge-conflict {"startup":true,"activationEvent":"*"}
[2018-11-05 15:02:16.312] [exthost] [info] ExtensionService#loadCommonJSModule /usr/share/code/resources/app/extensions/merge-conflict/dist/extension
[2018-11-05 15:02:16.317] [exthost] [info] ExtensionService#_doActivateExtension vscode.search-rg {"startup":true,"activationEvent":"*"}
[2018-11-05 15:02:16.317] [exthost] [info] ExtensionService#loadCommonJSModule /usr/share/code/resources/app/extensions/search-rg/dist/extension
[2018-11-05 15:02:16.321] [exthost] [info] ExtensionService#_doActivateExtension christian-kohler.path-intellisense {"startup":true,"activationEvent":"*"}
[2018-11-05 15:02:16.321] [exthost] [info] ExtensionService#loadCommonJSModule /home/nemesis1346/.vscode/extensions/christian-kohler.path-intellisense-1.4.2/out/src/extension
[2018-11-05 15:02:16.326] [exthost] [info] ExtensionService#_doActivateExtension dbaeumer.vscode-eslint {"startup":true,"activationEvent":"*"}
[2018-11-05 15:02:16.326] [exthost] [info] ExtensionService#loadCommonJSModule /home/nemesis1346/.vscode/extensions/dbaeumer.vscode-eslint-1.7.0/client/out/extension
[2018-11-05 15:02:16.363] [exthost] [info] ExtensionService#_doActivateExtension wayou.vscode-todo-highlight {"startup":true,"activationEvent":"*"}
[2018-11-05 15:02:16.363] [exthost] [info] ExtensionService#loadCommonJSModule /home/nemesis1346/.vscode/extensions/wayou.vscode-todo-highlight-1.0.4/src/extension
[2018-11-05 15:02:16.364] [exthost] [info] eager extensions activated
[2018-11-05 15:02:58.470] [exthost] [info] ExtensionService#_doActivateExtension vscode.typescript-language-features {"startup":false,"activationEvent":"onLanguage:javascript"}
[2018-11-05 15:02:58.470] [exthost] [info] ExtensionService#loadCommonJSModule /usr/share/code/resources/app/extensions/typescript-language-features/dist/extension
[2018-11-05 15:02:58.518] [exthost] [info] ExtensionService#_doActivateExtension christian-kohler.npm-intellisense {"startup":false,"activationEvent":"onLanguage:javascript"}
[2018-11-05 15:02:58.519] [exthost] [info] ExtensionService#loadCommonJSModule /home/nemesis1346/.vscode/extensions/christian-kohler.npm-intellisense-1.3.0/out/src/extension
[2018-11-05 15:02:58.531] [exthost] [info] ExtensionService#_doActivateExtension ecmel.vscode-html-css {"startup":false,"activationEvent":"onLanguage:javascript"}
[2018-11-05 15:02:58.531] [exthost] [info] ExtensionService#loadCommonJSModule /home/nemesis1346/.vscode/extensions/ecmel.vscode-html-css-0.2.0/out/src/extension
[2018-11-05 15:03:11.498] [exthost] [info] ExtensionService#_doActivateExtension vscode.extension-editing {"startup":false,"activationEvent":"onLanguage:typescript"}
[2018-11-05 15:03:11.498] [exthost] [info] ExtensionService#loadCommonJSModule /usr/share/code/resources/app/extensions/extension-editing/dist/extension
[2018-11-05 15:03:11.555] [exthost] [info] ExtensionService#_doActivateExtension DSKWRK.vscode-generate-getter-setter {"startup":false,"activationEvent":"onLanguage:typescript"}
[2018-11-05 15:03:11.555] [exthost] [info] ExtensionService#loadCommonJSModule /home/nemesis1346/.vscode/extensions/DSKWRK.vscode-generate-getter-setter-0.5.0/out/src/extension
[2018-11-05 15:03:11.559] [exthost] [info] ExtensionService#_doActivateExtension steoates.autoimport {"startup":false,"activationEvent":"onLanguage:typescript"}
[2018-11-05 15:03:11.559] [exthost] [info] ExtensionService#loadCommonJSModule /home/nemesis1346/.vscode/extensions/steoates.autoimport-1.5.3/out/src/extension
[2018-11-06 15:46:18.677] [exthost] [info] ExtensionService#_doActivateExtension vscode.configuration-editing {"startup":false,"activationEvent":"onLanguage:jsonc"}
[2018-11-06 15:46:18.677] [exthost] [info] ExtensionService#loadCommonJSModule /usr/share/code/resources/app/extensions/configuration-editing/dist/extension
[2018-11-06 15:46:18.683] [exthost] [info] ExtensionService#_doActivateExtension vscode.json-language-features {"startup":false,"activationEvent":"onLanguage:jsonc"}
[2018-11-06 15:46:18.683] [exthost] [info] ExtensionService#loadCommonJSModule /usr/share/code/resources/app/extensions/json-language-features/client/dist/jsonMain
[2018-11-07 14:18:09.934] [exthost] [info] ExtensionService#_doActivateExtension vscode.npm {"startup":false,"activationEvent":"onLanguage:json"}
[2018-11-07 14:18:09.934] [exthost] [info] ExtensionService#loadCommonJSModule /usr/share/code/resources/app/extensions/npm/dist/main
[2018-11-07 14:18:09.952] [exthost] [info] ExtensionService#_doActivateExtension eg2.vscode-npm-script {"startup":false,"activationEvent":"onLanguage:json"}
[2018-11-07 14:18:09.952] [exthost] [info] ExtensionService#loadCommonJSModule /home/nemesis1346/.vscode/extensions/eg2.vscode-npm-script-0.3.5/out/src/main
[2018-11-07 14:20:35.639] [exthost] [info] ExtensionService#_doActivateExtension PeterJausovec.vscode-docker {"startup":false,"activationEvent":"onLanguage:yaml"}
[2018-11-07 14:20:35.639] [exthost] [info] ExtensionService#loadCommonJSModule /home/nemesis1346/.vscode/extensions/peterjausovec.vscode-docker-0.3.1/out/dockerExtension
[2018-11-08 11:20:32.762] [exthost] [info] ExtensionService#_doActivateExtension HyperledgerComposer.composer-support-client {"startup":false,"activationEvent":"onLanguage:composer"}
[2018-11-08 11:20:32.762] [exthost] [info] ExtensionService#loadCommonJSModule /home/nemesis1346/.vscode/extensions/HyperledgerComposer.composer-support-client-0.19.12/out/src/extension
[2018-11-10 15:12:34.819] [exthost] [info] extension host started
[2018-11-10 15:12:34.848] [exthost] [info] ExtensionService#_doActivateExtension vscode.debug-auto-launch {"startup":true,"activationEvent":"*"}
[2018-11-10 15:12:34.848] [exthost] [info] ExtensionService#loadCommonJSModule /usr/share/code/resources/app/extensions/debug-auto-launch/dist/extension
[2018-11-10 15:12:34.854] [exthost] [info] ExtensionService#_doActivateExtension vscode.emmet {"startup":true,"activationEvent":"*"}
[2018-11-10 15:12:34.854] [exthost] [info] ExtensionService#loadCommonJSModule /usr/share/code/resources/app/extensions/emmet/dist/extension
[2018-11-10 15:12:34.891] [exthost] [info] ExtensionService#_doActivateExtension vscode.git {"startup":true,"activationEvent":"*"}
[2018-11-10 15:12:34.891] [exthost] [info] ExtensionService#loadCommonJSModule /usr/share/code/resources/app/extensions/git/dist/main
[2018-11-10 15:12:34.993] [exthost] [info] ExtensionService#_doActivateExtension vscode.merge-conflict {"startup":true,"activationEvent":"*"}
[2018-11-10 15:12:34.993] [exthost] [info] ExtensionService#loadCommonJSModule /usr/share/code/resources/app/extensions/merge-conflict/dist/extension
[2018-11-10 15:12:35.001] [exthost] [info] ExtensionService#_doActivateExtension vscode.search-rg {"startup":true,"activationEvent":"*"}
[2018-11-10 15:12:35.001] [exthost] [info] ExtensionService#loadCommonJSModule /usr/share/code/resources/app/extensions/search-rg/dist/extension
[2018-11-10 15:12:35.006] [exthost] [info] ExtensionService#_doActivateExtension christian-kohler.path-intellisense {"startup":true,"activationEvent":"*"}
[2018-11-10 15:12:35.006] [exthost] [info] ExtensionService#loadCommonJSModule /home/nemesis1346/.vscode/extensions/christian-kohler.path-intellisense-1.4.2/out/src/extension
[2018-11-10 15:12:35.014] [exthost] [info] ExtensionService#_doActivateExtension dbaeumer.vscode-eslint {"startup":true,"activationEvent":"*"}
[2018-11-10 15:12:35.014] [exthost] [info] ExtensionService#loadCommonJSModule /home/nemesis1346/.vscode/extensions/dbaeumer.vscode-eslint-1.7.0/client/out/extension
[2018-11-10 15:12:35.055] [exthost] [info] ExtensionService#_doActivateExtension wayou.vscode-todo-highlight {"startup":true,"activationEvent":"*"}
[2018-11-10 15:12:35.055] [exthost] [info] ExtensionService#loadCommonJSModule /home/nemesis1346/.vscode/extensions/wayou.vscode-todo-highlight-1.0.4/src/extension
[2018-11-10 15:12:35.057] [exthost] [info] eager extensions activated
[2018-11-10 15:13:29.459] [exthost] [info] ExtensionService#_doActivateExtension vscode.typescript-language-features {"startup":false,"activationEvent":"onLanguage:javascript"}
[2018-11-10 15:13:29.459] [exthost] [info] ExtensionService#loadCommonJSModule /usr/share/code/resources/app/extensions/typescript-language-features/dist/extension
[2018-11-10 15:13:29.517] [exthost] [info] ExtensionService#_doActivateExtension christian-kohler.npm-intellisense {"startup":false,"activationEvent":"onLanguage:javascript"}
[2018-11-10 15:13:29.517] [exthost] [info] ExtensionService#loadCommonJSModule /home/nemesis1346/.vscode/extensions/christian-kohler.npm-intellisense-1.3.0/out/src/extension
[2018-11-10 15:13:29.528] [exthost] [info] ExtensionService#_doActivateExtension ecmel.vscode-html-css {"startup":false,"activationEvent":"onLanguage:javascript"}
[2018-11-10 15:13:29.528] [exthost] [info] ExtensionService#loadCommonJSModule /home/nemesis1346/.vscode/extensions/ecmel.vscode-html-css-0.2.0/out/src/extension
[2018-11-10 15:18:39.010] [exthost] [info] ExtensionService#_doActivateExtension vscode.extension-editing {"startup":false,"activationEvent":"onLanguage:typescript"}
[2018-11-10 15:18:39.010] [exthost] [info] ExtensionService#loadCommonJSModule /usr/share/code/resources/app/extensions/extension-editing/dist/extension
[2018-11-10 15:18:39.046] [exthost] [info] ExtensionService#_doActivateExtension DSKWRK.vscode-generate-getter-setter {"startup":false,"activationEvent":"onLanguage:typescript"}
[2018-11-10 15:18:39.046] [exthost] [info] ExtensionService#loadCommonJSModule /home/nemesis1346/.vscode/extensions/DSKWRK.vscode-generate-getter-setter-0.5.0/out/src/extension
[2018-11-10 15:18:39.053] [exthost] [info] ExtensionService#_doActivateExtension steoates.autoimport {"startup":false,"activationEvent":"onLanguage:typescript"}
[2018-11-10 15:18:39.053] [exthost] [info] ExtensionService#loadCommonJSModule /home/nemesis1346/.vscode/extensions/steoates.autoimport-1.5.3/out/src/extension
[2018-11-10 15:37:29.652] [exthost] [info] ExtensionService#_doActivateExtension vscode.grunt {"startup":false,"activationEvent":"onCommand:workbench.action.tasks.runTask"}
[2018-11-10 15:37:29.652] [exthost] [info] ExtensionService#loadCommonJSModule /usr/share/code/resources/app/extensions/grunt/dist/main
[2018-11-10 15:37:29.655] [exthost] [info] ExtensionService#_doActivateExtension vscode.gulp {"startup":false,"activationEvent":"onCommand:workbench.action.tasks.runTask"}
[2018-11-10 15:37:29.655] [exthost] [info] ExtensionService#loadCommonJSModule /usr/share/code/resources/app/extensions/gulp/dist/main
[2018-11-10 15:37:29.657] [exthost] [info] ExtensionService#_doActivateExtension vscode.jake {"startup":false,"activationEvent":"onCommand:workbench.action.tasks.runTask"}
[2018-11-10 15:37:29.657] [exthost] [info] ExtensionService#loadCommonJSModule /usr/share/code/resources/app/extensions/jake/dist/main
[2018-11-10 15:37:29.660] [exthost] [info] ExtensionService#_doActivateExtension vscode.npm {"startup":false,"activationEvent":"onCommand:workbench.action.tasks.runTask"}
[2018-11-10 15:37:29.660] [exthost] [info] ExtensionService#loadCommonJSModule /usr/share/code/resources/app/extensions/npm/dist/main
[2018-11-10 15:51:33.964] [exthost] [info] ExtensionService#_doActivateExtension vscode.configuration-editing {"startup":false,"activationEvent":"onLanguage:json"}
[2018-11-10 15:51:33.964] [exthost] [info] ExtensionService#loadCommonJSModule /usr/share/code/resources/app/extensions/configuration-editing/dist/extension
[2018-11-10 15:51:33.970] [exthost] [info] ExtensionService#_doActivateExtension vscode.json-language-features {"startup":false,"activationEvent":"onLanguage:json"}
[2018-11-10 15:51:33.970] [exthost] [info] ExtensionService#loadCommonJSModule /usr/share/code/resources/app/extensions/json-language-features/client/dist/jsonMain
[2018-11-10 15:51:34.030] [exthost] [info] ExtensionService#_doActivateExtension eg2.vscode-npm-script {"startup":false,"activationEvent":"onLanguage:json"}
[2018-11-10 15:51:34.030] [exthost] [info] ExtensionService#loadCommonJSModule /home/nemesis1346/.vscode/extensions/eg2.vscode-npm-script-0.3.5/out/src/main
[2018-11-10 16:12:49.358] [exthost] [info] ExtensionService#_doActivateExtension HyperledgerComposer.composer-support-client {"startup":false,"activationEvent":"onLanguage:composer"}
[2018-11-10 16:12:49.358] [exthost] [info] ExtensionService#loadCommonJSModule /home/nemesis1346/.vscode/extensions/HyperledgerComposer.composer-support-client-0.19.12/out/src/extension
