[Info  - 21:31:25] Using tsserver from: /usr/share/code/resources/app/extensions/node_modules/typescript/lib
[Info  - 21:31:25] Forking TSServer
PATH: /usr/local/sbin:/usr/local/bin:/usr/sbin:/usr/bin:/sbin:/bin:/snap/bin 
[Info  - 21:31:25] Started TSServer
[Error  - 22:02:22] 'getCodeFixes' request failed with error.
Error processing request. Debug Failure. Invalid cast. The supplied ExpressionStatement did not pass the test 'isLabeledStatement'.
Error: Debug Failure. Invalid cast. The supplied ExpressionStatement did not pass the test 'isLabeledStatement'.
    at Object.cast (/usr/share/code/resources/app/extensions/node_modules/typescript/lib/tsserver.js:2582:19)
    at doChange (/usr/share/code/resources/app/extensions/node_modules/typescript/lib/tsserver.js:85888:39)
    at /usr/share/code/resources/app/extensions/node_modules/typescript/lib/tsserver.js:85880:96
    at Function.ChangeTracker.with (/usr/share/code/resources/app/extensions/node_modules/typescript/lib/tsserver.js:83054:17)
    at Object.getCodeActions (/usr/share/code/resources/app/extensions/node_modules/typescript/lib/tsserver.js:85880:64)
    at /usr/share/code/resources/app/extensions/node_modules/typescript/lib/tsserver.js:83738:121
    at Object.flatMap (/usr/share/code/resources/app/extensions/node_modules/typescript/lib/tsserver.js:1802:25)
    at Object.getFixes (/usr/share/code/resources/app/extensions/node_modules/typescript/lib/tsserver.js:83738:23)
    at /usr/share/code/resources/app/extensions/node_modules/typescript/lib/tsserver.js:90750:35
    at Object.flatMap (/usr/share/code/resources/app/extensions/node_modules/typescript/lib/tsserver.js:1802:25)
    at Object.getCodeFixesAtPosition (/usr/share/code/resources/app/extensions/node_modules/typescript/lib/tsserver.js:90748:23)
    at IOSession.Session.getCodeFixes (/usr/share/code/resources/app/extensions/node_modules/typescript/lib/tsserver.js:97423:64)
    at Session.handlers.ts.createMapFromTemplate._a.(anonymous function) (/usr/share/code/resources/app/extensions/node_modules/typescript/lib/tsserver.js:96250:61)
    at /usr/share/code/resources/app/extensions/node_modules/typescript/lib/tsserver.js:97580:88
    at IOSession.Session.executeWithRequestId (/usr/share/code/resources/app/extensions/node_modules/typescript/lib/tsserver.js:97571:28)
    at IOSession.Session.executeCommand (/usr/share/code/resources/app/extensions/node_modules/typescript/lib/tsserver.js:97580:33)
    at IOSession.Session.onMessage (/usr/share/code/resources/app/extensions/node_modules/typescript/lib/tsserver.js:97600:35)
    at Interface.<anonymous> (/usr/share/code/resources/app/extensions/node_modules/typescript/lib/tsserver.js:98831:27)
    at emitOne (events.js:96:13)
    at Interface.emit (events.js:191:7)
    at Interface._onLine (readline.js:241:10)
    at Interface._normalWrite (readline.js:384:12)
    at Socket.ondata (readline.js:101:10)
    at emitOne (events.js:96:13)
    at Socket.emit (events.js:191:7)
    at readableAddChunk (_stream_readable.js:178:18)
    at Socket.Readable.push (_stream_readable.js:136:10)
    at Pipe.onread (net.js:560:20)
